        -:    0:Source:memcached.c
        -:    0:Graph:memcached.gcno
        -:    0:Data:memcached.gcda
        -:    0:Runs:183
        -:    1:/* -*- Mode: C; tab-width: 4; c-basic-offset: 4; indent-tabs-mode: nil -*- */
        -:    2:/*
        -:    3: *  memcached - memory caching daemon
        -:    4: *
        -:    5: *       http://www.memcached.org/
        -:    6: *
        -:    7: *  Copyright 2003 Danga Interactive, Inc.  All rights reserved.
        -:    8: *
        -:    9: *  Use and distribution licensed under the BSD license.  See
        -:   10: *  the LICENSE file for full text.
        -:   11: *
        -:   12: *  Authors:
        -:   13: *      Anatoly Vorobey <mellon@pobox.com>
        -:   14: *      Brad Fitzpatrick <brad@danga.com>
        -:   15: */
        -:   16:#include "memcached.h"
        -:   17:#include <sys/stat.h>
        -:   18:#include <sys/socket.h>
        -:   19:#include <sys/un.h>
        -:   20:#include <signal.h>
        -:   21:#include <sys/param.h>
        -:   22:#include <sys/resource.h>
        -:   23:#include <sys/uio.h>
        -:   24:#include <ctype.h>
        -:   25:#include <stdarg.h>
        -:   26:
        -:   27:/* some POSIX systems need the following definition
        -:   28: * to get mlockall flags out of sys/mman.h.  */
        -:   29:#ifndef _P1003_1B_VISIBLE
        -:   30:#define _P1003_1B_VISIBLE
        -:   31:#endif
        -:   32:/* need this to get IOV_MAX on some platforms. */
        -:   33:#ifndef __need_IOV_MAX
        -:   34:#define __need_IOV_MAX
        -:   35:#endif
        -:   36:#include <pwd.h>
        -:   37:#include <sys/mman.h>
        -:   38:#include <fcntl.h>
        -:   39:#include <netinet/tcp.h>
        -:   40:#include <arpa/inet.h>
        -:   41:#include <errno.h>
        -:   42:#include <stdlib.h>
        -:   43:#include <stdio.h>
        -:   44:#include <string.h>
        -:   45:#include <time.h>
        -:   46:#include <assert.h>
        -:   47:#include <limits.h>
        -:   48:#include <sysexits.h>
        -:   49:#include <stddef.h>
        -:   50:
        -:   51:/* FreeBSD 4.x doesn't have IOV_MAX exposed. */
        -:   52:#ifndef IOV_MAX
        -:   53:#if defined(__FreeBSD__) || defined(__APPLE__) || defined(__GNU__)
        -:   54:# define IOV_MAX 1024
        -:   55:/* GNU/Hurd don't set MAXPATHLEN
        -:   56: * http://www.gnu.org/software/hurd/hurd/porting/guidelines.html#PATH_MAX_tt_MAX_PATH_tt_MAXPATHL */
        -:   57:#ifndef MAXPATHLEN
        -:   58:#define MAXPATHLEN 4096
        -:   59:#endif
        -:   60:#endif
        -:   61:#endif
        -:   62:
        -:   63:/*
        -:   64: * forward declarations
        -:   65: */
        -:   66:static void drive_machine(conn *c);
        -:   67:static int new_socket(struct addrinfo *ai);
        -:   68:static int try_read_command(conn *c);
        -:   69:
        -:   70:enum try_read_result {
        -:   71:    READ_DATA_RECEIVED,
        -:   72:    READ_NO_DATA_RECEIVED,
        -:   73:    READ_ERROR,            /** an error occurred (on the socket) (or client closed connection) */
        -:   74:    READ_MEMORY_ERROR      /** failed to allocate more memory */
        -:   75:};
        -:   76:
        -:   77:static enum try_read_result try_read_network(conn *c);
        -:   78:static enum try_read_result try_read_udp(conn *c);
        -:   79:
        -:   80:static void conn_set_state(conn *c, enum conn_states state);
        -:   81:static int start_conn_timeout_thread();
        -:   82:
        -:   83:/* stats */
        -:   84:static void stats_init(void);
        -:   85:static void server_stats(ADD_STAT add_stats, conn *c);
        -:   86:static void process_stat_settings(ADD_STAT add_stats, void *c);
        -:   87:static void conn_to_str(const conn *c, char *buf);
        -:   88:
        -:   89:
        -:   90:/* defaults */
        -:   91:static void settings_init(void);
        -:   92:
        -:   93:/* event handling, network IO */
        -:   94:static void event_handler(const int fd, const short which, void *arg);
        -:   95:static void conn_close(conn *c);
        -:   96:static void conn_init(void);
        -:   97:static bool update_event(conn *c, const int new_flags);
        -:   98:static void complete_nread(conn *c);
        -:   99:static void process_command(conn *c, char *command);
        -:  100:static void write_and_free(conn *c, char *buf, int bytes);
        -:  101:static int ensure_iov_space(conn *c);
        -:  102:static int add_iov(conn *c, const void *buf, int len);
        -:  103:static int add_chunked_item_iovs(conn *c, item *it, int len);
        -:  104:static int add_msghdr(conn *c);
        -:  105:static void write_bin_error(conn *c, protocol_binary_response_status err,
        -:  106:                            const char *errstr, int swallow);
        -:  107:
        -:  108:static void conn_free(conn *c);
        -:  109:
        -:  110:/** exported globals **/
        -:  111:struct stats stats;
        -:  112:struct stats_state stats_state;
        -:  113:struct settings settings;
        -:  114:time_t process_started;     /* when the process was started */
        -:  115:conn **conns;
        -:  116:
        -:  117:struct slab_rebalance slab_rebal;
        -:  118:volatile int slab_rebalance_signal;
        -:  119:
        -:  120:/** file scope variables **/
        -:  121:static conn *listen_conn = NULL;
        -:  122:static int max_fds;
        -:  123:static struct event_base *main_base;
        -:  124:
        -:  125:enum transmit_result {
        -:  126:    TRANSMIT_COMPLETE,   /** All done writing. */
        -:  127:    TRANSMIT_INCOMPLETE, /** More data remaining to write. */
        -:  128:    TRANSMIT_SOFT_ERROR, /** Can't write any more right now. */
        -:  129:    TRANSMIT_HARD_ERROR  /** Can't write (c->state is set to conn_closing) */
        -:  130:};
        -:  131:
        -:  132:static enum transmit_result transmit(conn *c);
        -:  133:
        -:  134:/* This reduces the latency without adding lots of extra wiring to be able to
        -:  135: * notify the listener thread of when to listen again.
        -:  136: * Also, the clock timer could be broken out into its own thread and we
        -:  137: * can block the listener via a condition.
        -:  138: */
        -:  139:static volatile bool allow_new_conns = true;
        -:  140:static struct event maxconnsevent;
    #####:  141:static void maxconns_handler(const int fd, const short which, void *arg) {
    #####:  142:    struct timeval t = {.tv_sec = 0, .tv_usec = 10000};
        -:  143:
    #####:  144:    if (fd == -42 || allow_new_conns == false) {
        -:  145:        /* reschedule in 10ms if we need to keep polling */
    #####:  146:        evtimer_set(&maxconnsevent, maxconns_handler, 0);
    #####:  147:        event_base_set(main_base, &maxconnsevent);
    #####:  148:        evtimer_add(&maxconnsevent, &t);
        -:  149:    } else {
    #####:  150:        evtimer_del(&maxconnsevent);
    #####:  151:        accept_new_conns(true);
        -:  152:    }
    #####:  153:}
        -:  154:
        -:  155:#define REALTIME_MAXDELTA 60*60*24*30
        -:  156:
        -:  157:/*
        -:  158: * given time value that's either unix time or delta from current unix time, return
        -:  159: * unix time. Use the fact that delta can't exceed one month (and real time value can't
        -:  160: * be that low).
        -:  161: */
   154706:  162:static rel_time_t realtime(const time_t exptime) {
        -:  163:    /* no. of seconds in 30 days - largest possible delta exptime */
        -:  164:
   154706:  165:    if (exptime == 0) return 0; /* 0 means never expire */
        -:  166:
   52589*:  167:    if (exptime > REALTIME_MAXDELTA) {
        -:  168:        /* if item expiration is at/before the server started, give it an
        -:  169:           expiration time of 1 second after the server started.
        -:  170:           (because 0 means don't expire).  without this, we'd
        -:  171:           underflow and wrap around to some large value way in the
        -:  172:           future, effectively making items expiring in the past
        -:  173:           really expiring never */
   26096*:  174:        if (exptime <= process_started)
        -:  175:            return (rel_time_t)1;
       4*:  176:        return (rel_time_t)(exptime - process_started);
        -:  177:    } else {
   26497*:  178:        return (rel_time_t)(exptime + current_time);
        -:  179:    }
        -:  180:}
        -:  181:
       89:  182:static void stats_init(void) {
       89:  183:    memset(&stats, 0, sizeof(struct stats));
       89:  184:    memset(&stats_state, 0, sizeof(struct stats_state));
       89:  185:    stats_state.accepting_conns = true; /* assuming we start in this state. */
        -:  186:
        -:  187:    /* make the time we started always be 2 seconds before we really
        -:  188:       did, so time(0) - time.started is never zero.  if so, things
        -:  189:       like 'settings.oldest_live' which act as booleans as well as
        -:  190:       values are now false in boolean context... */
       89:  191:    process_started = time(0) - ITEM_UPDATE_INTERVAL - 2;
       89:  192:    stats_prefix_init();
       89:  193:}
        -:  194:
        3:  195:static void stats_reset(void) {
        3:  196:    STATS_LOCK();
        3:  197:    memset(&stats, 0, sizeof(struct stats));
        3:  198:    stats_prefix_clear();
        3:  199:    STATS_UNLOCK();
        3:  200:    threadlocal_stats_reset();
        3:  201:    item_stats_reset();
        3:  202:}
        -:  203:
      183:  204:static void settings_init(void) {
      183:  205:    settings.use_cas = true;
      183:  206:    settings.access = 0700;
      183:  207:    settings.port = 11211;
      183:  208:    settings.udpport = 11211;
        -:  209:    /* By default this string should be NULL for getaddrinfo() */
      183:  210:    settings.inter = NULL;
      183:  211:    settings.maxbytes = 64 * 1024 * 1024; /* default is 64MB */
      183:  212:    settings.maxconns = 1024;         /* to limit connections-related memory to about 5MB */
      183:  213:    settings.verbose = 0;
      183:  214:    settings.oldest_live = 0;
      183:  215:    settings.oldest_cas = 0;          /* supplements accuracy of oldest_live */
      183:  216:    settings.evict_to_free = 1;       /* push old items out of cache when memory runs out */
      183:  217:    settings.socketpath = NULL;       /* by default, not using a unix socket */
      183:  218:    settings.factor = 1.25;
      183:  219:    settings.chunk_size = 48;         /* space for a modest key and value */
      183:  220:    settings.num_threads = 4;         /* N workers */
      183:  221:    settings.num_threads_per_udp = 0;
      183:  222:    settings.prefix_delimiter = ':';
      183:  223:    settings.detail_enabled = 0;
      183:  224:    settings.reqs_per_event = 20;
      183:  225:    settings.backlog = 1024;
      183:  226:    settings.binding_protocol = negotiating_prot;
      183:  227:    settings.item_size_max = 1024 * 1024; /* The famous 1MB upper limit. */
      183:  228:    settings.slab_page_size = 1024 * 1024; /* chunks are split from 1MB pages. */
      183:  229:    settings.slab_chunk_size_max = settings.slab_page_size;
      183:  230:    settings.sasl = false;
      183:  231:    settings.maxconns_fast = false;
      183:  232:    settings.lru_crawler = false;
      183:  233:    settings.lru_crawler_sleep = 100;
      183:  234:    settings.lru_crawler_tocrawl = 0;
      183:  235:    settings.lru_maintainer_thread = false;
      183:  236:    settings.hot_lru_pct = 32;
      183:  237:    settings.warm_lru_pct = 32;
      183:  238:    settings.expirezero_does_not_evict = false;
      183:  239:    settings.idle_timeout = 0; /* disabled */
      183:  240:    settings.hashpower_init = 0;
      183:  241:    settings.slab_reassign = false;
      183:  242:    settings.slab_automove = 0;
      183:  243:    settings.shutdown_command = false;
      183:  244:    settings.tail_repair_time = TAIL_REPAIR_TIME_DEFAULT;
      183:  245:    settings.flush_enabled = true;
      183:  246:    settings.dump_enabled = true;
      183:  247:    settings.crawls_persleep = 1000;
      183:  248:    settings.logger_watcher_buf_size = LOGGER_WATCHER_BUF_SIZE;
      183:  249:    settings.logger_buf_size = LOGGER_BUF_SIZE;
      183:  250:}
        -:  251:
        -:  252:/*
        -:  253: * Adds a message header to a connection.
        -:  254: *
        -:  255: * Returns 0 on success, -1 on out-of-memory.
        -:  256: */
   385089:  257:static int add_msghdr(conn *c)
        -:  258:{
   385089:  259:    struct msghdr *msg;
        -:  260:
  385089*:  261:    assert(c != NULL);
        -:  262:
   385089:  263:    if (c->msgsize == c->msgused) {
    #####:  264:        msg = realloc(c->msglist, c->msgsize * 2 * sizeof(struct msghdr));
    #####:  265:        if (! msg) {
    #####:  266:            STATS_LOCK();
    #####:  267:            stats.malloc_fails++;
    #####:  268:            STATS_UNLOCK();
    #####:  269:            return -1;
        -:  270:        }
    #####:  271:        c->msglist = msg;
    #####:  272:        c->msgsize *= 2;
        -:  273:    }
        -:  274:
   385089:  275:    msg = c->msglist + c->msgused;
        -:  276:
        -:  277:    /* this wipes msg_iovlen, msg_control, msg_controllen, and
        -:  278:       msg_flags, the last 3 of which aren't defined on solaris: */
   385089:  279:    memset(msg, 0, sizeof(struct msghdr));
        -:  280:
   385089:  281:    msg->msg_iov = &c->iov[c->iovused];
        -:  282:
   385089:  283:    if (IS_UDP(c->transport) && c->request_addr_size > 0) {
       29:  284:        msg->msg_name = &c->request_addr;
       29:  285:        msg->msg_namelen = c->request_addr_size;
        -:  286:    }
        -:  287:
   385089:  288:    c->msgbytes = 0;
   385089:  289:    c->msgused++;
        -:  290:
   385089:  291:    if (IS_UDP(c->transport)) {
        -:  292:        /* Leave room for the UDP header, which we'll fill in later. */
       29:  293:        return add_iov(c, NULL, UDP_HEADER_SIZE);
        -:  294:    }
        -:  295:
        -:  296:    return 0;
        -:  297:}
        -:  298:
        -:  299:extern pthread_mutex_t conn_lock;
        -:  300:
        -:  301:/* Connection timeout thread bits */
        -:  302:static pthread_t conn_timeout_tid;
        -:  303:
        -:  304:#define CONNS_PER_SLICE 100
        -:  305:#define TIMEOUT_MSG_SIZE (1 + sizeof(int))
        1:  306:static void *conn_timeout_thread(void *arg) {
        1:  307:    int i;
        1:  308:    conn *c;
        1:  309:    char buf[TIMEOUT_MSG_SIZE];
        1:  310:    rel_time_t oldest_last_cmd;
        1:  311:    int sleep_time;
        1:  312:    useconds_t timeslice = 1000000 / (max_fds / CONNS_PER_SLICE);
        -:  313:
        4:  314:    while(1) {
        2:  315:        if (settings.verbose > 2)
    #####:  316:            fprintf(stderr, "idle timeout thread at top of connection list\n");
        -:  317:
        2:  318:        oldest_last_cmd = current_time;
        -:  319:
     2050:  320:        for (i = 0; i < max_fds; i++) {
     2048:  321:            if ((i % CONNS_PER_SLICE) == 0) {
       22:  322:                if (settings.verbose > 2)
    #####:  323:                    fprintf(stderr, "idle timeout thread sleeping for %ulus\n",
        -:  324:                        timeslice);
       22:  325:                usleep(timeslice);
        -:  326:            }
        -:  327:
     2048:  328:            if (!conns[i])
     2026:  329:                continue;
        -:  330:
       22:  331:            c = conns[i];
        -:  332:
       22:  333:            if (!IS_TCP(c->transport))
       16:  334:                continue;
        -:  335:
        6:  336:            if (c->state != conn_new_cmd && c->state != conn_read)
        5:  337:                continue;
        -:  338:
        1:  339:            if ((current_time - c->last_cmd_time) > settings.idle_timeout) {
        1:  340:                buf[0] = 't';
        1:  341:                memcpy(&buf[1], &i, sizeof(int));
        1:  342:                if (write(c->thread->notify_send_fd, buf, TIMEOUT_MSG_SIZE)
        -:  343:                    != TIMEOUT_MSG_SIZE)
    #####:  344:                    perror("Failed to write timeout to notify pipe");
        -:  345:            } else {
    #####:  346:                if (c->last_cmd_time < oldest_last_cmd)
        -:  347:                    oldest_last_cmd = c->last_cmd_time;
        -:  348:            }
        -:  349:        }
        -:  350:
        -:  351:        /* This is the soonest we could have another connection time out */
        2:  352:        sleep_time = settings.idle_timeout - (current_time - oldest_last_cmd) + 1;
        2:  353:        if (sleep_time <= 0)
        -:  354:            sleep_time = 1;
        -:  355:
        2:  356:        if (settings.verbose > 2)
    #####:  357:            fprintf(stderr,
        -:  358:                    "idle timeout thread finished pass, sleeping for %ds\n",
        -:  359:                    sleep_time);
        2:  360:        usleep((useconds_t) sleep_time * 1000000);
        -:  361:    }
        -:  362:
        -:  363:    return NULL;
        -:  364:}
        -:  365:
        1:  366:static int start_conn_timeout_thread() {
        1:  367:    int ret;
        -:  368:
        1:  369:    if (settings.idle_timeout == 0)
        -:  370:        return -1;
        -:  371:
        1:  372:    if ((ret = pthread_create(&conn_timeout_tid, NULL,
        -:  373:        conn_timeout_thread, NULL)) != 0) {
    #####:  374:        fprintf(stderr, "Can't create idle connection timeout thread: %s\n",
        -:  375:            strerror(ret));
    #####:  376:        return -1;
        -:  377:    }
        -:  378:
        -:  379:    return 0;
        -:  380:}
        -:  381:
        -:  382:/*
        -:  383: * Initializes the connections array. We don't actually allocate connection
        -:  384: * structures until they're needed, so as to avoid wasting memory when the
        -:  385: * maximum connection count is much higher than the actual number of
        -:  386: * connections.
        -:  387: *
        -:  388: * This does end up wasting a few pointers' worth of memory for FDs that are
        -:  389: * used for things other than connections, but that's worth it in exchange for
        -:  390: * being able to directly index the conns array by FD.
        -:  391: */
       89:  392:static void conn_init(void) {
        -:  393:    /* We're unlikely to see an FD much higher than maxconns. */
       89:  394:    int next_fd = dup(1);
       89:  395:    int headroom = 10;      /* account for extra unexpected open FDs */
       89:  396:    struct rlimit rl;
        -:  397:
       89:  398:    max_fds = settings.maxconns + headroom + next_fd;
        -:  399:
        -:  400:    /* But if possible, get the actual highest FD we can possibly ever see. */
       89:  401:    if (getrlimit(RLIMIT_NOFILE, &rl) == 0) {
       89:  402:        max_fds = rl.rlim_max;
        -:  403:    } else {
    #####:  404:        fprintf(stderr, "Failed to query maximum file descriptor; "
        -:  405:                        "falling back to maxconns\n");
        -:  406:    }
        -:  407:
       89:  408:    close(next_fd);
        -:  409:
       89:  410:    if ((conns = calloc(max_fds, sizeof(conn *))) == NULL) {
    #####:  411:        fprintf(stderr, "Failed to allocate connection structures\n");
        -:  412:        /* This is unrecoverable so bail out early. */
    #####:  413:        exit(1);
        -:  414:    }
       89:  415:}
        -:  416:
      23*:  417:static const char *prot_text(enum protocol prot) {
      23*:  418:    char *rv = "unknown";
      23*:  419:    switch(prot) {
       3*:  420:        case ascii_prot:
       3*:  421:            rv = "ascii";
       3*:  422:            break;
       2*:  423:        case binary_prot:
       2*:  424:            rv = "binary";
       2*:  425:            break;
      18*:  426:        case negotiating_prot:
      18*:  427:            rv = "auto-negotiate";
      18*:  428:            break;
        -:  429:    }
      23*:  430:    return rv;
        -:  431:}
        -:  432:
        1:  433:void conn_close_idle(conn *c) {
        1:  434:    if (settings.idle_timeout > 0 &&
        1:  435:        (current_time - c->last_cmd_time) > settings.idle_timeout) {
        1:  436:        if (c->state != conn_new_cmd && c->state != conn_read) {
    #####:  437:            if (settings.verbose > 1)
    #####:  438:                fprintf(stderr,
        -:  439:                    "fd %d wants to timeout, but isn't in read state", c->sfd);
    #####:  440:            return;
        -:  441:        }
        -:  442:
        1:  443:        if (settings.verbose > 1)
    #####:  444:            fprintf(stderr, "Closing idle fd %d\n", c->sfd);
        -:  445:
        1:  446:        c->thread->stats.idle_kicks++;
        -:  447:
        1:  448:        conn_set_state(c, conn_closing);
        1:  449:        drive_machine(c);
        -:  450:    }
        -:  451:}
        -:  452:
        -:  453:/* bring conn back from a sidethread. could have had its event base moved. */
    #####:  454:void conn_worker_readd(conn *c) {
    #####:  455:    c->ev_flags = EV_READ | EV_PERSIST;
    #####:  456:    event_set(&c->event, c->sfd, c->ev_flags, event_handler, (void *)c);
    #####:  457:    event_base_set(c->thread->base, &c->event);
    #####:  458:    c->state = conn_new_cmd;
        -:  459:
    #####:  460:    if (event_add(&c->event, 0) == -1) {
    #####:  461:        perror("event_add");
        -:  462:    }
    #####:  463:}
        -:  464:
      914:  465:conn *conn_new(const int sfd, enum conn_states init_state,
        -:  466:                const int event_flags,
        -:  467:                const int read_buffer_size, enum network_transport transport,
        -:  468:                struct event_base *base) {
      914:  469:    conn *c;
        -:  470:
     914*:  471:    assert(sfd >= 0 && sfd < max_fds);
      914:  472:    c = conns[sfd];
        -:  473:
      914:  474:    if (NULL == c) {
      904:  475:        if (!(c = (conn *)calloc(1, sizeof(conn)))) {
    #####:  476:            STATS_LOCK();
    #####:  477:            stats.malloc_fails++;
    #####:  478:            STATS_UNLOCK();
    #####:  479:            fprintf(stderr, "Failed to allocate connection object\n");
    #####:  480:            return NULL;
        -:  481:        }
      904:  482:        MEMCACHED_CONN_CREATE(c);
        -:  483:
      904:  484:        c->rbuf = c->wbuf = 0;
      904:  485:        c->ilist = 0;
      904:  486:        c->suffixlist = 0;
      904:  487:        c->iov = 0;
      904:  488:        c->msglist = 0;
      904:  489:        c->hdrbuf = 0;
        -:  490:
      904:  491:        c->rsize = read_buffer_size;
      904:  492:        c->wsize = DATA_BUFFER_SIZE;
      904:  493:        c->isize = ITEM_LIST_INITIAL;
      904:  494:        c->suffixsize = SUFFIX_LIST_INITIAL;
      904:  495:        c->iovsize = IOV_LIST_INITIAL;
      904:  496:        c->msgsize = MSG_LIST_INITIAL;
      904:  497:        c->hdrsize = 0;
        -:  498:
      904:  499:        c->rbuf = (char *)malloc((size_t)c->rsize);
      904:  500:        c->wbuf = (char *)malloc((size_t)c->wsize);
      904:  501:        c->ilist = (item **)malloc(sizeof(item *) * c->isize);
      904:  502:        c->suffixlist = (char **)malloc(sizeof(char *) * c->suffixsize);
      904:  503:        c->iov = (struct iovec *)malloc(sizeof(struct iovec) * c->iovsize);
      904:  504:        c->msglist = (struct msghdr *)malloc(sizeof(struct msghdr) * c->msgsize);
        -:  505:
      904:  506:        if (c->rbuf == 0 || c->wbuf == 0 || c->ilist == 0 || c->iov == 0 ||
      904:  507:                c->msglist == 0 || c->suffixlist == 0) {
    #####:  508:            conn_free(c);
    #####:  509:            STATS_LOCK();
    #####:  510:            stats.malloc_fails++;
    #####:  511:            STATS_UNLOCK();
    #####:  512:            fprintf(stderr, "Failed to allocate buffers for connection\n");
    #####:  513:            return NULL;
        -:  514:        }
        -:  515:
      904:  516:        STATS_LOCK();
      904:  517:        stats_state.conn_structs++;
      904:  518:        STATS_UNLOCK();
        -:  519:
      904:  520:        c->sfd = sfd;
      904:  521:        conns[sfd] = c;
        -:  522:    }
        -:  523:
      914:  524:    c->transport = transport;
      914:  525:    c->protocol = settings.binding_protocol;
        -:  526:
        -:  527:    /* unix socket mode doesn't need this, so zeroed out.  but why
        -:  528:     * is this done for every command?  presumably for UDP
        -:  529:     * mode.  */
      914:  530:    if (!settings.socketpath) {
      909:  531:        c->request_addr_size = sizeof(c->request_addr);
        -:  532:    } else {
        5:  533:        c->request_addr_size = 0;
        -:  534:    }
        -:  535:
      914:  536:    if (transport == tcp_transport && init_state == conn_new_cmd) {
      106:  537:        if (getpeername(sfd, (struct sockaddr *) &c->request_addr,
        -:  538:                        &c->request_addr_size)) {
    #####:  539:            perror("getpeername");
    #####:  540:            memset(&c->request_addr, 0, sizeof(c->request_addr));
        -:  541:        }
        -:  542:    }
        -:  543:
      914:  544:    if (settings.verbose > 1) {
       33:  545:        if (init_state == conn_listening) {
       12:  546:            fprintf(stderr, "<%d server listening (%s)\n", sfd,
        -:  547:                prot_text(c->protocol));
       27:  548:        } else if (IS_UDP(transport)) {
       24:  549:            fprintf(stderr, "<%d server listening (udp)\n", sfd);
        3:  550:        } else if (c->protocol == negotiating_prot) {
        1:  551:            fprintf(stderr, "<%d new auto-negotiating client connection\n",
        -:  552:                    sfd);
        2:  553:        } else if (c->protocol == ascii_prot) {
        1:  554:            fprintf(stderr, "<%d new ascii client connection.\n", sfd);
        1:  555:        } else if (c->protocol == binary_prot) {
        1:  556:            fprintf(stderr, "<%d new binary client connection.\n", sfd);
        -:  557:        } else {
    #####:  558:            fprintf(stderr, "<%d new unknown (%d) client connection\n",
        -:  559:                sfd, c->protocol);
    #####:  560:            assert(false);
        -:  561:        }
        -:  562:    }
        -:  563:
      914:  564:    c->state = init_state;
      914:  565:    c->rlbytes = 0;
      914:  566:    c->cmd = -1;
      914:  567:    c->rbytes = c->wbytes = 0;
      914:  568:    c->wcurr = c->wbuf;
      914:  569:    c->rcurr = c->rbuf;
      914:  570:    c->ritem = 0;
      914:  571:    c->icurr = c->ilist;
      914:  572:    c->suffixcurr = c->suffixlist;
      914:  573:    c->ileft = 0;
      914:  574:    c->suffixleft = 0;
      914:  575:    c->iovused = 0;
      914:  576:    c->msgcurr = 0;
      914:  577:    c->msgused = 0;
      914:  578:    c->authenticated = false;
      914:  579:    c->last_cmd_time = current_time; /* initialize for idle kicker */
        -:  580:
      914:  581:    c->write_and_go = init_state;
      914:  582:    c->write_and_free = 0;
      914:  583:    c->item = 0;
        -:  584:
      914:  585:    c->noreply = false;
        -:  586:
      914:  587:    event_set(&c->event, sfd, event_flags, event_handler, (void *)c);
      914:  588:    event_base_set(base, &c->event);
      914:  589:    c->ev_flags = event_flags;
        -:  590:
      914:  591:    if (event_add(&c->event, 0) == -1) {
    #####:  592:        perror("event_add");
    #####:  593:        return NULL;
        -:  594:    }
        -:  595:
      914:  596:    STATS_LOCK();
      914:  597:    stats_state.curr_conns++;
      914:  598:    stats.total_conns++;
      914:  599:    STATS_UNLOCK();
        -:  600:
      914:  601:    MEMCACHED_CONN_ALLOCATE(c->sfd);
        -:  602:
      914:  603:    return c;
        -:  604:}
        -:  605:
   169266:  606:static void conn_release_items(conn *c) {
  169266*:  607:    assert(c != NULL);
        -:  608:
   169266:  609:    if (c->item) {
      791:  610:        item_remove(c->item);
      791:  611:        c->item = 0;
        -:  612:    }
        -:  613:
   200713:  614:    while (c->ileft > 0) {
    31447:  615:        item *it = *(c->icurr);
   31447*:  616:        assert((it->it_flags & ITEM_SLABBED) == 0);
    31447:  617:        item_remove(it);
    31447:  618:        c->icurr++;
    31447:  619:        c->ileft--;
        -:  620:    }
        -:  621:
   169266:  622:    if (c->suffixleft != 0) {
       33:  623:        for (; c->suffixleft > 0; c->suffixleft--, c->suffixcurr++) {
       17:  624:            cache_free(c->thread->suffix_cache, *(c->suffixcurr));
        -:  625:        }
        -:  626:    }
        -:  627:
   169266:  628:    c->icurr = c->ilist;
   169266:  629:    c->suffixcurr = c->suffixlist;
   169266:  630:}
        -:  631:
       97:  632:static void conn_cleanup(conn *c) {
      97*:  633:    assert(c != NULL);
        -:  634:
       97:  635:    conn_release_items(c);
        -:  636:
       97:  637:    if (c->write_and_free) {
        2:  638:        free(c->write_and_free);
        2:  639:        c->write_and_free = 0;
        -:  640:    }
        -:  641:
       97:  642:    if (c->sasl_conn) {
    #####:  643:        assert(settings.sasl);
    #####:  644:        sasl_dispose(&c->sasl_conn);
    #####:  645:        c->sasl_conn = NULL;
        -:  646:    }
        -:  647:
       97:  648:    if (IS_UDP(c->transport)) {
    #####:  649:        conn_set_state(c, conn_read);
        -:  650:    }
       97:  651:}
        -:  652:
        -:  653:/*
        -:  654: * Frees a connection.
        -:  655: */
    #####:  656:void conn_free(conn *c) {
    #####:  657:    if (c) {
    #####:  658:        assert(c != NULL);
    #####:  659:        assert(c->sfd >= 0 && c->sfd < max_fds);
        -:  660:
    #####:  661:        MEMCACHED_CONN_DESTROY(c);
    #####:  662:        conns[c->sfd] = NULL;
    #####:  663:        if (c->hdrbuf)
    #####:  664:            free(c->hdrbuf);
    #####:  665:        if (c->msglist)
    #####:  666:            free(c->msglist);
    #####:  667:        if (c->rbuf)
    #####:  668:            free(c->rbuf);
    #####:  669:        if (c->wbuf)
    #####:  670:            free(c->wbuf);
    #####:  671:        if (c->ilist)
    #####:  672:            free(c->ilist);
    #####:  673:        if (c->suffixlist)
    #####:  674:            free(c->suffixlist);
    #####:  675:        if (c->iov)
    #####:  676:            free(c->iov);
    #####:  677:        free(c);
        -:  678:    }
    #####:  679:}
        -:  680:
       97:  681:static void conn_close(conn *c) {
      97*:  682:    assert(c != NULL);
        -:  683:
        -:  684:    /* delete the event, the socket and the conn */
       97:  685:    event_del(&c->event);
        -:  686:
       97:  687:    if (settings.verbose > 1)
        3:  688:        fprintf(stderr, "<%d connection closed.\n", c->sfd);
        -:  689:
       97:  690:    conn_cleanup(c);
        -:  691:
       97:  692:    MEMCACHED_CONN_RELEASE(c->sfd);
       97:  693:    conn_set_state(c, conn_closed);
       97:  694:    close(c->sfd);
        -:  695:
       97:  696:    pthread_mutex_lock(&conn_lock);
       97:  697:    allow_new_conns = true;
       97:  698:    pthread_mutex_unlock(&conn_lock);
        -:  699:
       97:  700:    STATS_LOCK();
       97:  701:    stats_state.curr_conns--;
       97:  702:    STATS_UNLOCK();
        -:  703:
       97:  704:    return;
        -:  705:}
        -:  706:
        -:  707:/*
        -:  708: * Shrinks a connection's buffers if they're too big.  This prevents
        -:  709: * periodic large "get" requests from permanently chewing lots of server
        -:  710: * memory.
        -:  711: *
        -:  712: * This should only be called in between requests since it can wipe output
        -:  713: * buffers!
        -:  714: */
   277231:  715:static void conn_shrink(conn *c) {
  277231*:  716:    assert(c != NULL);
        -:  717:
   277231:  718:    if (IS_UDP(c->transport))
        -:  719:        return;
        -:  720:
   277214:  721:    if (c->rsize > READ_BUFFER_HIGHWAT && c->rbytes < DATA_BUFFER_SIZE) {
    12697:  722:        char *newbuf;
        -:  723:
    12697:  724:        if (c->rcurr != c->rbuf)
    12697:  725:            memmove(c->rbuf, c->rcurr, (size_t)c->rbytes);
        -:  726:
    12697:  727:        newbuf = (char *)realloc((void *)c->rbuf, DATA_BUFFER_SIZE);
        -:  728:
    12697:  729:        if (newbuf) {
    12697:  730:            c->rbuf = newbuf;
    12697:  731:            c->rsize = DATA_BUFFER_SIZE;
        -:  732:        }
        -:  733:        /* TODO check other branch... */
    12697:  734:        c->rcurr = c->rbuf;
        -:  735:    }
        -:  736:
   277214:  737:    if (c->isize > ITEM_LIST_HIGHWAT) {
    #####:  738:        item **newbuf = (item**) realloc((void *)c->ilist, ITEM_LIST_INITIAL * sizeof(c->ilist[0]));
    #####:  739:        if (newbuf) {
    #####:  740:            c->ilist = newbuf;
    #####:  741:            c->isize = ITEM_LIST_INITIAL;
        -:  742:        }
        -:  743:    /* TODO check error condition? */
        -:  744:    }
        -:  745:
   277214:  746:    if (c->msgsize > MSG_LIST_HIGHWAT) {
    #####:  747:        struct msghdr *newbuf = (struct msghdr *) realloc((void *)c->msglist, MSG_LIST_INITIAL * sizeof(c->msglist[0]));
    #####:  748:        if (newbuf) {
    #####:  749:            c->msglist = newbuf;
    #####:  750:            c->msgsize = MSG_LIST_INITIAL;
        -:  751:        }
        -:  752:    /* TODO check error condition? */
        -:  753:    }
        -:  754:
   277214:  755:    if (c->iovsize > IOV_LIST_HIGHWAT) {
    #####:  756:        struct iovec *newbuf = (struct iovec *) realloc((void *)c->iov, IOV_LIST_INITIAL * sizeof(c->iov[0]));
    #####:  757:        if (newbuf) {
    #####:  758:            c->iov = newbuf;
    #####:  759:            c->iovsize = IOV_LIST_INITIAL;
        -:  760:        }
        -:  761:    /* TODO check return value */
        -:  762:    }
        -:  763:}
        -:  764:
        -:  765:/**
        -:  766: * Convert a state name to a human readable form.
        -:  767: */
      15*:  768:static const char *state_text(enum conn_states state) {
      15*:  769:    const char* const statenames[] = { "conn_listening",
        -:  770:                                       "conn_new_cmd",
        -:  771:                                       "conn_waiting",
        -:  772:                                       "conn_read",
        -:  773:                                       "conn_parse_cmd",
        -:  774:                                       "conn_write",
        -:  775:                                       "conn_nread",
        -:  776:                                       "conn_swallow",
        -:  777:                                       "conn_closing",
        -:  778:                                       "conn_mwrite",
        -:  779:                                       "conn_closed",
        -:  780:                                       "conn_watch" };
      15*:  781:    return statenames[state];
        -:  782:}
        -:  783:
        -:  784:/*
        -:  785: * Sets a connection's current state in the state machine. Any special
        -:  786: * processing that needs to happen on certain state transitions can
        -:  787: * happen here.
        -:  788: */
  1283123:  789:static void conn_set_state(conn *c, enum conn_states state) {
 1283123*:  790:    assert(c != NULL);
 1283123*:  791:    assert(state >= conn_listening && state < conn_max_state);
        -:  792:
  1283123:  793:    if (state != c->state) {
  1262793:  794:        if (settings.verbose > 2) {
    #####:  795:            fprintf(stderr, "%d: going from %s to %s\n",
        -:  796:                    c->sfd, state_text(c->state),
        -:  797:                    state_text(state));
        -:  798:        }
        -:  799:
  1262793:  800:        if (state == conn_write || state == conn_mwrite) {
  1262793:  801:            MEMCACHED_PROCESS_COMMAND_END(c->sfd, c->wbuf, c->wbytes);
        -:  802:        }
  1262793:  803:        c->state = state;
        -:  804:    }
  1283123:  805:}
        -:  806:
        -:  807:/*
        -:  808: * Ensures that there is room for another struct iovec in a connection's
        -:  809: * iov list.
        -:  810: *
        -:  811: * Returns 0 on success, -1 on out-of-memory.
        -:  812: */
   483551:  813:static int ensure_iov_space(conn *c) {
  483551*:  814:    assert(c != NULL);
        -:  815:
   483551:  816:    if (c->iovused >= c->iovsize) {
    #####:  817:        int i, iovnum;
    #####:  818:        struct iovec *new_iov = (struct iovec *)realloc(c->iov,
    #####:  819:                                (c->iovsize * 2) * sizeof(struct iovec));
    #####:  820:        if (! new_iov) {
    #####:  821:            STATS_LOCK();
    #####:  822:            stats.malloc_fails++;
    #####:  823:            STATS_UNLOCK();
    #####:  824:            return -1;
        -:  825:        }
    #####:  826:        c->iov = new_iov;
    #####:  827:        c->iovsize *= 2;
        -:  828:
        -:  829:        /* Point all the msghdr structures at the new list. */
    #####:  830:        for (i = 0, iovnum = 0; i < c->msgused; i++) {
    #####:  831:            c->msglist[i].msg_iov = &c->iov[iovnum];
    #####:  832:            iovnum += c->msglist[i].msg_iovlen;
        -:  833:        }
        -:  834:    }
        -:  835:
        -:  836:    return 0;
        -:  837:}
        -:  838:
        -:  839:
        -:  840:/*
        -:  841: * Adds data to the list of pending data that will be written out to a
        -:  842: * connection.
        -:  843: *
        -:  844: * Returns 0 on success, -1 on out-of-memory.
        -:  845: */
        -:  846:
   421858:  847:static int add_iov(conn *c, const void *buf, int len) {
   421858:  848:    struct msghdr *m;
   421858:  849:    int leftover;
   421858:  850:    bool limit_to_mtu;
        -:  851:
  421858*:  852:    assert(c != NULL);
        -:  853:
   483551:  854:    do {
   483551:  855:        m = &c->msglist[c->msgused - 1];
        -:  856:
        -:  857:        /*
        -:  858:         * Limit UDP packets, and the first payloads of TCP replies, to
        -:  859:         * UDP_MAX_PAYLOAD_SIZE bytes.
        -:  860:         */
   483551:  861:        limit_to_mtu = IS_UDP(c->transport) || (1 == c->msgused);
        -:  862:
        -:  863:        /* We may need to start a new msghdr if this one is full. */
   483551:  864:        if (m->msg_iovlen == IOV_MAX ||
   362558:  865:            (limit_to_mtu && c->msgbytes >= UDP_MAX_PAYLOAD_SIZE)) {
    31076:  866:            add_msghdr(c);
    31076:  867:            m = &c->msglist[c->msgused - 1];
        -:  868:        }
        -:  869:
   483551:  870:        if (ensure_iov_space(c) != 0)
        -:  871:            return -1;
        -:  872:
        -:  873:        /* If the fragment is too big to fit in the datagram, split it up */
   483551:  874:        if (limit_to_mtu && len + c->msgbytes > UDP_MAX_PAYLOAD_SIZE) {
    61693:  875:            leftover = len + c->msgbytes - UDP_MAX_PAYLOAD_SIZE;
    61693:  876:            len -= leftover;
        -:  877:        } else {
        -:  878:            leftover = 0;
        -:  879:        }
        -:  880:
   483551:  881:        m = &c->msglist[c->msgused - 1];
   483551:  882:        m->msg_iov[m->msg_iovlen].iov_base = (void *)buf;
   483551:  883:        m->msg_iov[m->msg_iovlen].iov_len = len;
        -:  884:
   483551:  885:        c->msgbytes += len;
   483551:  886:        c->iovused++;
   483551:  887:        m->msg_iovlen++;
        -:  888:
   483551:  889:        buf = ((char *)buf) + len;
   483551:  890:        len = leftover;
   483551:  891:    } while (leftover > 0);
        -:  892:
        -:  893:    return 0;
        -:  894:}
        -:  895:
    18682:  896:static int add_chunked_item_iovs(conn *c, item *it, int len) {
   18682*:  897:    assert(it->it_flags & ITEM_CHUNKED);
    18682:  898:    item_chunk *ch = (item_chunk *) ITEM_data(it);
    97012:  899:    while (ch) {
    78330:  900:        int todo = (len > ch->used) ? ch->used : len;
    78330:  901:        if (add_iov(c, ch->data, todo) != 0) {
        -:  902:            return -1;
        -:  903:        }
    78330:  904:        ch = ch->next;
    78330:  905:        len -= todo;
        -:  906:    }
        -:  907:    return 0;
        -:  908:}
        -:  909:
        -:  910:/*
        -:  911: * Constructs a set of UDP headers and attaches them to the outgoing messages.
        -:  912: */
       39:  913:static int build_udp_headers(conn *c) {
       39:  914:    int i;
       39:  915:    unsigned char *hdr;
        -:  916:
      39*:  917:    assert(c != NULL);
        -:  918:
       39:  919:    if (c->msgused > c->hdrsize) {
        3:  920:        void *new_hdrbuf;
        3:  921:        if (c->hdrbuf) {
    #####:  922:            new_hdrbuf = realloc(c->hdrbuf, c->msgused * 2 * UDP_HEADER_SIZE);
        -:  923:        } else {
        3:  924:            new_hdrbuf = malloc(c->msgused * 2 * UDP_HEADER_SIZE);
        -:  925:        }
        -:  926:
        3:  927:        if (! new_hdrbuf) {
    #####:  928:            STATS_LOCK();
    #####:  929:            stats.malloc_fails++;
    #####:  930:            STATS_UNLOCK();
    #####:  931:            return -1;
        -:  932:        }
        3:  933:        c->hdrbuf = (unsigned char *)new_hdrbuf;
        3:  934:        c->hdrsize = c->msgused * 2;
        -:  935:    }
        -:  936:
       39:  937:    hdr = c->hdrbuf;
       78:  938:    for (i = 0; i < c->msgused; i++) {
       39:  939:        c->msglist[i].msg_iov[0].iov_base = (void*)hdr;
       39:  940:        c->msglist[i].msg_iov[0].iov_len = UDP_HEADER_SIZE;
       39:  941:        *hdr++ = c->request_id / 256;
       39:  942:        *hdr++ = c->request_id % 256;
       39:  943:        *hdr++ = i / 256;
       39:  944:        *hdr++ = i % 256;
       39:  945:        *hdr++ = c->msgused / 256;
       39:  946:        *hdr++ = c->msgused % 256;
       39:  947:        *hdr++ = 0;
       39:  948:        *hdr++ = 0;
      39*:  949:        assert((void *) hdr == (caddr_t)c->msglist[i].msg_iov[0].iov_base + UDP_HEADER_SIZE);
        -:  950:    }
        -:  951:
        -:  952:    return 0;
        -:  953:}
        -:  954:
        -:  955:
    85083:  956:static void out_string(conn *c, const char *str) {
    85083:  957:    size_t len;
        -:  958:
   85083*:  959:    assert(c != NULL);
        -:  960:
    85083:  961:    if (c->noreply) {
    65163:  962:        if (settings.verbose > 1)
    #####:  963:            fprintf(stderr, ">%d NOREPLY %s\n", c->sfd, str);
    65163:  964:        c->noreply = false;
    65163:  965:        conn_set_state(c, conn_new_cmd);
    65163:  966:        return;
        -:  967:    }
        -:  968:
    19920:  969:    if (settings.verbose > 1)
    #####:  970:        fprintf(stderr, ">%d %s\n", c->sfd, str);
        -:  971:
        -:  972:    /* Nuke a partial output... */
    19920:  973:    c->msgcurr = 0;
    19920:  974:    c->msgused = 0;
    19920:  975:    c->iovused = 0;
    19920:  976:    add_msghdr(c);
        -:  977:
    19920:  978:    len = strlen(str);
    19920:  979:    if ((len + 2) > c->wsize) {
        -:  980:        /* ought to be always enough. just fail for simplicity */
    #####:  981:        str = "SERVER_ERROR output line too long";
    #####:  982:        len = strlen(str);
        -:  983:    }
        -:  984:
    19920:  985:    memcpy(c->wbuf, str, len);
    19920:  986:    memcpy(c->wbuf + len, "\r\n", 2);
    19920:  987:    c->wbytes = len + 2;
    19920:  988:    c->wcurr = c->wbuf;
        -:  989:
    19920:  990:    conn_set_state(c, conn_write);
    19920:  991:    c->write_and_go = conn_new_cmd;
    19920:  992:    return;
        -:  993:}
        -:  994:
        -:  995:/*
        -:  996: * Outputs a protocol-specific "out of memory" error. For ASCII clients,
        -:  997: * this is equivalent to out_string().
        -:  998: */
    52191:  999:static void out_of_memory(conn *c, char *ascii_error) {
    52191: 1000:    const static char error_prefix[] = "SERVER_ERROR ";
    52191: 1001:    const static int error_prefix_len = sizeof(error_prefix) - 1;
        -: 1002:
    52191: 1003:    if (c->protocol == binary_prot) {
        -: 1004:        /* Strip off the generic error prefix; it's irrelevant in binary */
    52182: 1005:        if (!strncmp(ascii_error, error_prefix, error_prefix_len)) {
    52182: 1006:            ascii_error += error_prefix_len;
        -: 1007:        }
    52182: 1008:        write_bin_error(c, PROTOCOL_BINARY_RESPONSE_ENOMEM, ascii_error, 0);
        -: 1009:    } else {
        9: 1010:        out_string(c, ascii_error);
        -: 1011:    }
    52191: 1012:}
        -: 1013:
        -: 1014:/*
        -: 1015: * we get here after reading the value in set/add/replace commands. The command
        -: 1016: * has been stored in c->cmd, and the item is ready in c->item.
        -: 1017: */
    82079: 1018:static void complete_nread_ascii(conn *c) {
   82079*: 1019:    assert(c != NULL);
        -: 1020:
    82079: 1021:    item *it = c->item;
    82079: 1022:    int comm = c->cmd;
    82079: 1023:    enum store_item_type ret;
    82079: 1024:    bool is_valid = false;
        -: 1025:
    82079: 1026:    pthread_mutex_lock(&c->thread->stats.mutex);
    82079: 1027:    c->thread->stats.slab_stats[ITEM_clsid(it)].set_cmds++;
    82079: 1028:    pthread_mutex_unlock(&c->thread->stats.mutex);
        -: 1029:
    82079: 1030:    if ((it->it_flags & ITEM_CHUNKED) == 0) {
    76459: 1031:        if (strncmp(ITEM_data(it) + it->nbytes - 2, "\r\n", 2) == 0) {
        -: 1032:            is_valid = true;
        -: 1033:        }
        -: 1034:    } else {
     5620: 1035:        char buf[2];
        -: 1036:        /* should point to the final item chunk */
     5620: 1037:        item_chunk *ch = (item_chunk *) c->ritem;
    5620*: 1038:        assert(ch->used != 0);
        -: 1039:        /* :( We need to look at the last two bytes. This could span two
        -: 1040:         * chunks.
        -: 1041:         */
     5620: 1042:        if (ch->used > 1) {
     5620: 1043:            buf[0] = ch->data[ch->used - 2];
     5620: 1044:            buf[1] = ch->data[ch->used - 1];
        -: 1045:        } else {
    #####: 1046:            assert(ch->prev);
    #####: 1047:            assert(ch->used == 1);
    #####: 1048:            buf[0] = ch->prev->data[ch->prev->used - 1];
    #####: 1049:            buf[1] = ch->data[ch->used - 1];
        -: 1050:        }
     5620: 1051:        if (strncmp(buf, "\r\n", 2) == 0) {
     5620: 1052:            is_valid = true;
        -: 1053:        } else {
    #####: 1054:            assert(1 == 0);
        -: 1055:        }
        -: 1056:    }
        -: 1057:
    5620*: 1058:    if (!is_valid) {
    #####: 1059:        out_string(c, "CLIENT_ERROR bad data chunk");
        -: 1060:    } else {
    82079: 1061:      ret = store_item(it, comm, c);
        -: 1062:
        -: 1063:#ifdef ENABLE_DTRACE
        -: 1064:      uint64_t cas = ITEM_get_cas(it);
        -: 1065:      switch (c->cmd) {
        -: 1066:      case NREAD_ADD:
        -: 1067:          MEMCACHED_COMMAND_ADD(c->sfd, ITEM_key(it), it->nkey,
        -: 1068:                                (ret == 1) ? it->nbytes : -1, cas);
        -: 1069:          break;
        -: 1070:      case NREAD_REPLACE:
        -: 1071:          MEMCACHED_COMMAND_REPLACE(c->sfd, ITEM_key(it), it->nkey,
        -: 1072:                                    (ret == 1) ? it->nbytes : -1, cas);
        -: 1073:          break;
        -: 1074:      case NREAD_APPEND:
        -: 1075:          MEMCACHED_COMMAND_APPEND(c->sfd, ITEM_key(it), it->nkey,
        -: 1076:                                   (ret == 1) ? it->nbytes : -1, cas);
        -: 1077:          break;
        -: 1078:      case NREAD_PREPEND:
        -: 1079:          MEMCACHED_COMMAND_PREPEND(c->sfd, ITEM_key(it), it->nkey,
        -: 1080:                                    (ret == 1) ? it->nbytes : -1, cas);
        -: 1081:          break;
        -: 1082:      case NREAD_SET:
        -: 1083:          MEMCACHED_COMMAND_SET(c->sfd, ITEM_key(it), it->nkey,
        -: 1084:                                (ret == 1) ? it->nbytes : -1, cas);
        -: 1085:          break;
        -: 1086:      case NREAD_CAS:
        -: 1087:          MEMCACHED_COMMAND_CAS(c->sfd, ITEM_key(it), it->nkey, it->nbytes,
        -: 1088:                                cas);
        -: 1089:          break;
        -: 1090:      }
        -: 1091:#endif
        -: 1092:
    82079: 1093:      switch (ret) {
    82068: 1094:      case STORED:
    82068: 1095:          out_string(c, "STORED");
    82068: 1096:          break;
        5: 1097:      case EXISTS:
        5: 1098:          out_string(c, "EXISTS");
        5: 1099:          break;
        2: 1100:      case NOT_FOUND:
        2: 1101:          out_string(c, "NOT_FOUND");
        2: 1102:          break;
        4: 1103:      case NOT_STORED:
        4: 1104:          out_string(c, "NOT_STORED");
        4: 1105:          break;
    #####: 1106:      default:
    #####: 1107:          out_string(c, "SERVER_ERROR Unhandled storage type.");
        -: 1108:      }
        -: 1109:
        -: 1110:    }
        -: 1111:
    82079: 1112:    item_remove(c->item);       /* release the c->item reference */
    82078: 1113:    c->item = 0;
    82078: 1114:}
        -: 1115:
        -: 1116:/**
        -: 1117: * get a pointer to the start of the request struct for the current command
        -: 1118: */
    72741: 1119:static void* binary_get_request(conn *c) {
    72741: 1120:    char *ret = c->rcurr;
    72741: 1121:    ret -= (sizeof(c->binary_header) + c->binary_header.request.keylen +
    72741: 1122:            c->binary_header.request.extlen);
        -: 1123:
   72741*: 1124:    assert(ret >= c->rbuf);
    72741: 1125:    return ret;
        -: 1126:}
        -: 1127:
        -: 1128:/**
        -: 1129: * get a pointer to the key in this request
        -: 1130: */
   73646*: 1131:static char* binary_get_key(conn *c) {
   73646*: 1132:    return c->rcurr - (c->binary_header.request.keylen);
        -: 1133:}
        -: 1134:
    56954: 1135:static void add_bin_header(conn *c, uint16_t err, uint8_t hdr_len, uint16_t key_len, uint32_t body_len) {
    56954: 1136:    protocol_binary_response_header* header;
        -: 1137:
   56954*: 1138:    assert(c);
        -: 1139:
    56954: 1140:    c->msgcurr = 0;
    56954: 1141:    c->msgused = 0;
    56954: 1142:    c->iovused = 0;
    56954: 1143:    if (add_msghdr(c) != 0) {
        -: 1144:        /* This should never run out of memory because iov and msg lists
        -: 1145:         * have minimum sizes big enough to hold an error response.
        -: 1146:         */
    #####: 1147:        out_of_memory(c, "SERVER_ERROR out of memory adding binary header");
    #####: 1148:        return;
        -: 1149:    }
        -: 1150:
    56954: 1151:    header = (protocol_binary_response_header *)c->wbuf;
        -: 1152:
    56954: 1153:    header->response.magic = (uint8_t)PROTOCOL_BINARY_RES;
    56954: 1154:    header->response.opcode = c->binary_header.request.opcode;
    56954: 1155:    header->response.keylen = (uint16_t)htons(key_len);
        -: 1156:
    56954: 1157:    header->response.extlen = (uint8_t)hdr_len;
    56954: 1158:    header->response.datatype = (uint8_t)PROTOCOL_BINARY_RAW_BYTES;
    56954: 1159:    header->response.status = (uint16_t)htons(err);
        -: 1160:
    56954: 1161:    header->response.bodylen = htonl(body_len);
    56954: 1162:    header->response.opaque = c->opaque;
    56954: 1163:    header->response.cas = htonll(c->cas);
        -: 1164:
    56954: 1165:    if (settings.verbose > 1) {
    #####: 1166:        int ii;
    #####: 1167:        fprintf(stderr, ">%d Writing bin response:", c->sfd);
    #####: 1168:        for (ii = 0; ii < sizeof(header->bytes); ++ii) {
    #####: 1169:            if (ii % 4 == 0) {
    #####: 1170:                fprintf(stderr, "\n>%d  ", c->sfd);
        -: 1171:            }
    #####: 1172:            fprintf(stderr, " 0x%02x", header->bytes[ii]);
        -: 1173:        }
    #####: 1174:        fprintf(stderr, "\n");
        -: 1175:    }
        -: 1176:
    56954: 1177:    add_iov(c, c->wbuf, sizeof(header->response));
        -: 1178:}
        -: 1179:
        -: 1180:/**
        -: 1181: * Writes a binary error response. If errstr is supplied, it is used as the
        -: 1182: * error text; otherwise a generic description of the error status code is
        -: 1183: * included.
        -: 1184: */
    55675: 1185:static void write_bin_error(conn *c, protocol_binary_response_status err,
        -: 1186:                            const char *errstr, int swallow) {
    55675: 1187:    size_t len;
        -: 1188:
    55675: 1189:    if (!errstr) {
     3493: 1190:        switch (err) {
        -: 1191:        case PROTOCOL_BINARY_RESPONSE_ENOMEM:
        -: 1192:            errstr = "Out of memory";
        -: 1193:            break;
     3266: 1194:        case PROTOCOL_BINARY_RESPONSE_UNKNOWN_COMMAND:
     3266: 1195:            errstr = "Unknown command";
     3266: 1196:            break;
      141: 1197:        case PROTOCOL_BINARY_RESPONSE_KEY_ENOENT:
      141: 1198:            errstr = "Not found";
      141: 1199:            break;
        1: 1200:        case PROTOCOL_BINARY_RESPONSE_EINVAL:
        1: 1201:            errstr = "Invalid arguments";
        1: 1202:            break;
       21: 1203:        case PROTOCOL_BINARY_RESPONSE_KEY_EEXISTS:
       21: 1204:            errstr = "Data exists for key.";
       21: 1205:            break;
        1: 1206:        case PROTOCOL_BINARY_RESPONSE_E2BIG:
        1: 1207:            errstr = "Too large.";
        1: 1208:            break;
        2: 1209:        case PROTOCOL_BINARY_RESPONSE_DELTA_BADVAL:
        2: 1210:            errstr = "Non-numeric server-side value for incr or decr";
        2: 1211:            break;
       61: 1212:        case PROTOCOL_BINARY_RESPONSE_NOT_STORED:
       61: 1213:            errstr = "Not stored.";
       61: 1214:            break;
    #####: 1215:        case PROTOCOL_BINARY_RESPONSE_AUTH_ERROR:
    #####: 1216:            errstr = "Auth failure.";
    #####: 1217:            break;
        -: 1218:        default:
    #####: 1219:            assert(false);
        -: 1220:            errstr = "UNHANDLED ERROR";
        -: 1221:            fprintf(stderr, ">%d UNHANDLED ERROR: %d\n", c->sfd, err);
        -: 1222:        }
    52182: 1223:    }
        -: 1224:
    55675: 1225:    if (settings.verbose > 1) {
    #####: 1226:        fprintf(stderr, ">%d Writing an error: %s\n", c->sfd, errstr);
        -: 1227:    }
        -: 1228:
    55675: 1229:    len = strlen(errstr);
    55675: 1230:    add_bin_header(c, err, 0, 0, len);
    55675: 1231:    if (len > 0) {
    55675: 1232:        add_iov(c, errstr, len);
        -: 1233:    }
    55675: 1234:    conn_set_state(c, conn_mwrite);
    55675: 1235:    if(swallow > 0) {
        1: 1236:        c->sbytes = swallow;
        1: 1237:        c->write_and_go = conn_swallow;
        -: 1238:    } else {
    55674: 1239:        c->write_and_go = conn_new_cmd;
        -: 1240:    }
    55675: 1241:}
        -: 1242:
        -: 1243:/* Form and send a response to a command over the binary protocol */
    20443: 1244:static void write_bin_response(conn *c, void *d, int hlen, int keylen, int dlen) {
    20443: 1245:    if (!c->noreply || c->cmd == PROTOCOL_BINARY_CMD_GET ||
        -: 1246:        c->cmd == PROTOCOL_BINARY_CMD_GETK) {
      463: 1247:        add_bin_header(c, 0, hlen, keylen, dlen);
      463: 1248:        if(dlen > 0) {
       87: 1249:            add_iov(c, d, dlen);
        -: 1250:        }
      463: 1251:        conn_set_state(c, conn_mwrite);
      463: 1252:        c->write_and_go = conn_new_cmd;
        -: 1253:    } else {
    19980: 1254:        conn_set_state(c, conn_new_cmd);
        -: 1255:    }
    20443: 1256:}
        -: 1257:
      126: 1258:static void complete_incr_bin(conn *c) {
      126: 1259:    item *it;
      126: 1260:    char *key;
      126: 1261:    size_t nkey;
        -: 1262:    /* Weird magic in add_delta forces me to pad here */
      126: 1263:    char tmpbuf[INCR_MAX_STORAGE_LEN];
      126: 1264:    uint64_t cas = 0;
        -: 1265:
      126: 1266:    protocol_binary_response_incr* rsp = (protocol_binary_response_incr*)c->wbuf;
      126: 1267:    protocol_binary_request_incr* req = binary_get_request(c);
        -: 1268:
      126: 1269:    assert(c != NULL);
     126*: 1270:    assert(c->wsize >= sizeof(*rsp));
        -: 1271:
        -: 1272:    /* fix byteorder in the request */
      126: 1273:    req->message.body.delta = ntohll(req->message.body.delta);
      126: 1274:    req->message.body.initial = ntohll(req->message.body.initial);
      126: 1275:    req->message.body.expiration = ntohl(req->message.body.expiration);
      126: 1276:    key = binary_get_key(c);
      126: 1277:    nkey = c->binary_header.request.keylen;
        -: 1278:
      126: 1279:    if (settings.verbose > 1) {
    #####: 1280:        int i;
    #####: 1281:        fprintf(stderr, "incr ");
        -: 1282:
    #####: 1283:        for (i = 0; i < nkey; i++) {
    #####: 1284:            fprintf(stderr, "%c", key[i]);
        -: 1285:        }
     126*: 1286:        fprintf(stderr, " %lld, %llu, %d\n",
    #####: 1287:                (long long)req->message.body.delta,
    #####: 1288:                (long long)req->message.body.initial,
        -: 1289:                req->message.body.expiration);
        -: 1290:    }
        -: 1291:
      126: 1292:    if (c->binary_header.request.cas != 0) {
    #####: 1293:        cas = c->binary_header.request.cas;
        -: 1294:    }
      126: 1295:    switch(add_delta(c, key, nkey, c->cmd == PROTOCOL_BINARY_CMD_INCREMENT,
      126: 1296:                     req->message.body.delta, tmpbuf,
        -: 1297:                     &cas)) {
       57: 1298:    case OK:
       57: 1299:        rsp->message.body.value = htonll(strtoull(tmpbuf, NULL, 10));
       57: 1300:        if (cas) {
       57: 1301:            c->cas = cas;
        -: 1302:        }
       57: 1303:        write_bin_response(c, &rsp->message.body, 0, 0,
        -: 1304:                           sizeof(rsp->message.body.value));
       57: 1305:        break;
        2: 1306:    case NON_NUMERIC:
        2: 1307:        write_bin_error(c, PROTOCOL_BINARY_RESPONSE_DELTA_BADVAL, NULL, 0);
        2: 1308:        break;
    #####: 1309:    case EOM:
    #####: 1310:        out_of_memory(c, "SERVER_ERROR Out of memory incrementing value");
    #####: 1311:        break;
       67: 1312:    case DELTA_ITEM_NOT_FOUND:
       67: 1313:        if (req->message.body.expiration != 0xffffffff) {
        -: 1314:            /* Save some room for the response */
       67: 1315:            rsp->message.body.value = htonll(req->message.body.initial);
        -: 1316:
       67: 1317:            snprintf(tmpbuf, INCR_MAX_STORAGE_LEN, "%llu",
       67: 1318:                (unsigned long long)req->message.body.initial);
       67: 1319:            int res = strlen(tmpbuf);
       67: 1320:            it = item_alloc(key, nkey, 0, realtime(req->message.body.expiration),
        -: 1321:                            res + 2);
        -: 1322:
       67: 1323:            if (it != NULL) {
       67: 1324:                memcpy(ITEM_data(it), tmpbuf, res);
       67: 1325:                memcpy(ITEM_data(it) + res, "\r\n", 2);
        -: 1326:
       67: 1327:                if (store_item(it, NREAD_ADD, c)) {
       67: 1328:                    c->cas = ITEM_get_cas(it);
       67: 1329:                    write_bin_response(c, &rsp->message.body, 0, 0, sizeof(rsp->message.body.value));
        -: 1330:                } else {
    #####: 1331:                    write_bin_error(c, PROTOCOL_BINARY_RESPONSE_NOT_STORED,
        -: 1332:                                    NULL, 0);
        -: 1333:                }
       67: 1334:                item_remove(it);         /* release our reference */
        -: 1335:            } else {
    #####: 1336:                out_of_memory(c,
        -: 1337:                        "SERVER_ERROR Out of memory allocating new item");
        -: 1338:            }
        -: 1339:        } else {
    #####: 1340:            pthread_mutex_lock(&c->thread->stats.mutex);
    #####: 1341:            if (c->cmd == PROTOCOL_BINARY_CMD_INCREMENT) {
    #####: 1342:                c->thread->stats.incr_misses++;
        -: 1343:            } else {
    #####: 1344:                c->thread->stats.decr_misses++;
        -: 1345:            }
    #####: 1346:            pthread_mutex_unlock(&c->thread->stats.mutex);
        -: 1347:
    #####: 1348:            write_bin_error(c, PROTOCOL_BINARY_RESPONSE_KEY_ENOENT, NULL, 0);
        -: 1349:        }
        -: 1350:        break;
    #####: 1351:    case DELTA_ITEM_CAS_MISMATCH:
    #####: 1352:        write_bin_error(c, PROTOCOL_BINARY_RESPONSE_KEY_EEXISTS, NULL, 0);
    #####: 1353:        break;
        -: 1354:    }
      126: 1355:}
        -: 1356:
    20330: 1357:static void complete_update_bin(conn *c) {
    20330: 1358:    protocol_binary_response_status eno = PROTOCOL_BINARY_RESPONSE_EINVAL;
    20330: 1359:    enum store_item_type ret = NOT_STORED;
   20330*: 1360:    assert(c != NULL);
        -: 1361:
    20330: 1362:    item *it = c->item;
        -: 1363:
    20330: 1364:    pthread_mutex_lock(&c->thread->stats.mutex);
    20330: 1365:    c->thread->stats.slab_stats[ITEM_clsid(it)].set_cmds++;
    20330: 1366:    pthread_mutex_unlock(&c->thread->stats.mutex);
        -: 1367:
        -: 1368:    /* We don't actually receive the trailing two characters in the bin
        -: 1369:     * protocol, so we're going to just set them here */
    20330: 1370:    if ((it->it_flags & ITEM_CHUNKED) == 0) {
    20129: 1371:        *(ITEM_data(it) + it->nbytes - 2) = '\r';
    20129: 1372:        *(ITEM_data(it) + it->nbytes - 1) = '\n';
        -: 1373:    } else {
     201*: 1374:        assert(c->ritem);
      201: 1375:        item_chunk *ch = (item_chunk *) c->ritem;
      201: 1376:        if (ch->size == ch->used)
        1: 1377:            ch = ch->next;
      201: 1378:        if (ch->size - ch->used > 1) {
      200: 1379:            ch->data[ch->used + 1] = '\r';
      200: 1380:            ch->data[ch->used + 2] = '\n';
      200: 1381:            ch->used += 2;
        -: 1382:        } else {
        1: 1383:            ch->data[ch->used + 1] = '\r';
        1: 1384:            ch->next->data[0] = '\n';
        1: 1385:            ch->used++;
        1: 1386:            ch->next->used++;
       1*: 1387:            assert(ch->size == ch->used);
        -: 1388:        }
        -: 1389:    }
        -: 1390:
    20330: 1391:    ret = store_item(it, c->cmd, c);
        -: 1392:
        -: 1393:#ifdef ENABLE_DTRACE
        -: 1394:    uint64_t cas = ITEM_get_cas(it);
        -: 1395:    switch (c->cmd) {
        -: 1396:    case NREAD_ADD:
        -: 1397:        MEMCACHED_COMMAND_ADD(c->sfd, ITEM_key(it), it->nkey,
        -: 1398:                              (ret == STORED) ? it->nbytes : -1, cas);
        -: 1399:        break;
        -: 1400:    case NREAD_REPLACE:
        -: 1401:        MEMCACHED_COMMAND_REPLACE(c->sfd, ITEM_key(it), it->nkey,
        -: 1402:                                  (ret == STORED) ? it->nbytes : -1, cas);
        -: 1403:        break;
        -: 1404:    case NREAD_APPEND:
        -: 1405:        MEMCACHED_COMMAND_APPEND(c->sfd, ITEM_key(it), it->nkey,
        -: 1406:                                 (ret == STORED) ? it->nbytes : -1, cas);
        -: 1407:        break;
        -: 1408:    case NREAD_PREPEND:
        -: 1409:        MEMCACHED_COMMAND_PREPEND(c->sfd, ITEM_key(it), it->nkey,
        -: 1410:                                 (ret == STORED) ? it->nbytes : -1, cas);
        -: 1411:        break;
        -: 1412:    case NREAD_SET:
        -: 1413:        MEMCACHED_COMMAND_SET(c->sfd, ITEM_key(it), it->nkey,
        -: 1414:                              (ret == STORED) ? it->nbytes : -1, cas);
        -: 1415:        break;
        -: 1416:    }
        -: 1417:#endif
        -: 1418:
    20330: 1419:    switch (ret) {
    20208: 1420:    case STORED:
        -: 1421:        /* Stored */
    20208: 1422:        write_bin_response(c, NULL, 0, 0, 0);
    20208: 1423:        break;
        2: 1424:    case EXISTS:
        2: 1425:        write_bin_error(c, PROTOCOL_BINARY_RESPONSE_KEY_EEXISTS, NULL, 0);
        2: 1426:        break;
        1: 1427:    case NOT_FOUND:
        1: 1428:        write_bin_error(c, PROTOCOL_BINARY_RESPONSE_KEY_ENOENT, NULL, 0);
        1: 1429:        break;
      119: 1430:    case NOT_STORED:
        -: 1431:    case TOO_LARGE:
        -: 1432:    case NO_MEMORY:
      119: 1433:        if (c->cmd == NREAD_ADD) {
        -: 1434:            eno = PROTOCOL_BINARY_RESPONSE_KEY_EEXISTS;
      100: 1435:        } else if(c->cmd == NREAD_REPLACE) {
        -: 1436:            eno = PROTOCOL_BINARY_RESPONSE_KEY_ENOENT;
        -: 1437:        } else {
       61: 1438:            eno = PROTOCOL_BINARY_RESPONSE_NOT_STORED;
        -: 1439:        }
      119: 1440:        write_bin_error(c, eno, NULL, 0);
        -: 1441:    }
        -: 1442:
    20330: 1443:    item_remove(c->item);       /* release the c->item reference */
    20330: 1444:    c->item = 0;
    20330: 1445:}
        -: 1446:
      947: 1447:static void process_bin_get_or_touch(conn *c) {
      947: 1448:    item *it;
        -: 1449:
      947: 1450:    protocol_binary_response_get* rsp = (protocol_binary_response_get*)c->wbuf;
      947: 1451:    char* key = binary_get_key(c);
      947: 1452:    size_t nkey = c->binary_header.request.keylen;
      947: 1453:    int should_touch = (c->cmd == PROTOCOL_BINARY_CMD_TOUCH ||
      947: 1454:                        c->cmd == PROTOCOL_BINARY_CMD_GAT ||
        -: 1455:                        c->cmd == PROTOCOL_BINARY_CMD_GATK);
      947: 1456:    int should_return_key = (c->cmd == PROTOCOL_BINARY_CMD_GETK ||
        -: 1457:                             c->cmd == PROTOCOL_BINARY_CMD_GATK);
      947: 1458:    int should_return_value = (c->cmd != PROTOCOL_BINARY_CMD_TOUCH);
        -: 1459:
      947: 1460:    if (settings.verbose > 1) {
    #####: 1461:        fprintf(stderr, "<%d %s ", c->sfd, should_touch ? "TOUCH" : "GET");
    #####: 1462:        if (fwrite(key, 1, nkey, stderr)) {}
    #####: 1463:        fputc('\n', stderr);
        -: 1464:    }
        -: 1465:
      947: 1466:    if (should_touch) {
      100: 1467:        protocol_binary_request_touch *t = binary_get_request(c);
      100: 1468:        time_t exptime = ntohl(t->message.body.expiration);
        -: 1469:
      200: 1470:        it = item_touch(key, nkey, realtime(exptime), c);
        -: 1471:    } else {
      847: 1472:        it = item_get(key, nkey, c);
        -: 1473:    }
        -: 1474:
      947: 1475:    if (it) {
        -: 1476:        /* the length has two unnecessary bytes ("\r\n") */
      790: 1477:        uint16_t keylen = 0;
      790: 1478:        uint32_t bodylen = sizeof(rsp->message.body) + (it->nbytes - 2);
        -: 1479:
      790: 1480:        item_update(it);
      790: 1481:        pthread_mutex_lock(&c->thread->stats.mutex);
      790: 1482:        if (should_touch) {
       27: 1483:            c->thread->stats.touch_cmds++;
       27: 1484:            c->thread->stats.slab_stats[ITEM_clsid(it)].touch_hits++;
        -: 1485:        } else {
      763: 1486:            c->thread->stats.get_cmds++;
      763: 1487:            c->thread->stats.slab_stats[ITEM_clsid(it)].get_hits++;
        -: 1488:        }
      790: 1489:        pthread_mutex_unlock(&c->thread->stats.mutex);
        -: 1490:
      790: 1491:        if (should_touch) {
        -: 1492:            MEMCACHED_COMMAND_TOUCH(c->sfd, ITEM_key(it), it->nkey,
        -: 1493:                                    it->nbytes, ITEM_get_cas(it));
        -: 1494:        } else {
        -: 1495:            MEMCACHED_COMMAND_GET(c->sfd, ITEM_key(it), it->nkey,
      790: 1496:                                  it->nbytes, ITEM_get_cas(it));
        -: 1497:        }
        -: 1498:
      790: 1499:        if (c->cmd == PROTOCOL_BINARY_CMD_TOUCH) {
        2: 1500:            bodylen -= it->nbytes - 2;
      788: 1501:        } else if (should_return_key) {
       28: 1502:            bodylen += nkey;
       28: 1503:            keylen = nkey;
        -: 1504:        }
        -: 1505:
      790: 1506:        add_bin_header(c, 0, sizeof(rsp->message.body), keylen, bodylen);
      790: 1507:        rsp->message.header.response.cas = htonll(ITEM_get_cas(it));
        -: 1508:
        -: 1509:        // add the flags
      790: 1510:        rsp->message.body.flags = htonl(strtoul(ITEM_suffix(it), NULL, 10));
      790: 1511:        add_iov(c, &rsp->message.body, sizeof(rsp->message.body));
        -: 1512:
      790: 1513:        if (should_return_key) {
       28: 1514:            add_iov(c, ITEM_key(it), nkey);
        -: 1515:        }
        -: 1516:
      790: 1517:        if (should_return_value) {
        -: 1518:            /* Add the data minus the CRLF */
      788: 1519:            if ((it->it_flags & ITEM_CHUNKED) == 0) {
      587: 1520:                add_iov(c, ITEM_data(it), it->nbytes - 2);
        -: 1521:            } else {
      201: 1522:                add_chunked_item_iovs(c, it, it->nbytes - 2);
        -: 1523:            }
        -: 1524:        }
        -: 1525:
      790: 1526:        conn_set_state(c, conn_mwrite);
      790: 1527:        c->write_and_go = conn_new_cmd;
        -: 1528:        /* Remember this command so we can garbage collect it later */
      790: 1529:        c->item = it;
        -: 1530:    } else {
      157: 1531:        pthread_mutex_lock(&c->thread->stats.mutex);
      157: 1532:        if (should_touch) {
       73: 1533:            c->thread->stats.touch_cmds++;
       73: 1534:            c->thread->stats.touch_misses++;
        -: 1535:        } else {
       84: 1536:            c->thread->stats.get_cmds++;
       84: 1537:            c->thread->stats.get_misses++;
        -: 1538:        }
      157: 1539:        pthread_mutex_unlock(&c->thread->stats.mutex);
        -: 1540:
      157: 1541:        if (should_touch) {
        -: 1542:            MEMCACHED_COMMAND_TOUCH(c->sfd, key, nkey, -1, 0);
        -: 1543:        } else {
      157: 1544:            MEMCACHED_COMMAND_GET(c->sfd, key, nkey, -1, 0);
        -: 1545:        }
        -: 1546:
      157: 1547:        if (c->noreply) {
       60: 1548:            conn_set_state(c, conn_new_cmd);
        -: 1549:        } else {
       97: 1550:            if (should_return_key) {
       26: 1551:                char *ofs = c->wbuf + sizeof(protocol_binary_response_header);
       26: 1552:                add_bin_header(c, PROTOCOL_BINARY_RESPONSE_KEY_ENOENT,
        -: 1553:                        0, nkey, nkey);
       26: 1554:                memcpy(ofs, key, nkey);
       26: 1555:                add_iov(c, ofs, nkey);
       26: 1556:                conn_set_state(c, conn_mwrite);
       26: 1557:                c->write_and_go = conn_new_cmd;
        -: 1558:            } else {
       71: 1559:                write_bin_error(c, PROTOCOL_BINARY_RESPONSE_KEY_ENOENT,
        -: 1560:                                NULL, 0);
        -: 1561:            }
        -: 1562:        }
        -: 1563:    }
        -: 1564:
      947: 1565:    if (settings.detail_enabled) {
      554: 1566:        stats_prefix_record_get(key, nkey, NULL != it);
        -: 1567:    }
      947: 1568:}
        -: 1569:
     1366: 1570:static void append_bin_stats(const char *key, const uint16_t klen,
        -: 1571:                             const char *val, const uint32_t vlen,
        -: 1572:                             conn *c) {
     1366: 1573:    char *buf = c->stats.buffer + c->stats.offset;
     1366: 1574:    uint32_t bodylen = klen + vlen;
     1366: 1575:    protocol_binary_response_header header = {
        -: 1576:        .response.magic = (uint8_t)PROTOCOL_BINARY_RES,
        -: 1577:        .response.opcode = PROTOCOL_BINARY_CMD_STAT,
     1366: 1578:        .response.keylen = (uint16_t)htons(klen),
        -: 1579:        .response.datatype = (uint8_t)PROTOCOL_BINARY_RAW_BYTES,
     1366: 1580:        .response.bodylen = htonl(bodylen),
     1366: 1581:        .response.opaque = c->opaque
        -: 1582:    };
        -: 1583:
     1366: 1584:    memcpy(buf, header.bytes, sizeof(header.response));
     1366: 1585:    buf += sizeof(header.response);
        -: 1586:
     1366: 1587:    if (klen > 0) {
     1341: 1588:        memcpy(buf, key, klen);
     1341: 1589:        buf += klen;
        -: 1590:
     1341: 1591:        if (vlen > 0) {
     1341: 1592:            memcpy(buf, val, vlen);
        -: 1593:        }
        -: 1594:    }
        -: 1595:
     1366: 1596:    c->stats.offset += sizeof(header.response) + bodylen;
     1366: 1597:}
        -: 1598:
   167329: 1599:static void append_ascii_stats(const char *key, const uint16_t klen,
        -: 1600:                               const char *val, const uint32_t vlen,
        -: 1601:                               conn *c) {
   167329: 1602:    char *pos = c->stats.buffer + c->stats.offset;
   167329: 1603:    uint32_t nbytes = 0;
   167329: 1604:    int remaining = c->stats.size - c->stats.offset;
   167329: 1605:    int room = remaining - 1;
        -: 1606:
   167329: 1607:    if (klen == 0 && vlen == 0) {
     2802: 1608:        nbytes = snprintf(pos, room, "END\r\n");
   164527: 1609:    } else if (vlen == 0) {
    #####: 1610:        nbytes = snprintf(pos, room, "STAT %s\r\n", key);
        -: 1611:    } else {
   164527: 1612:        nbytes = snprintf(pos, room, "STAT %s %s\r\n", key, val);
        -: 1613:    }
        -: 1614:
   167329: 1615:    c->stats.offset += nbytes;
   167329: 1616:}
        -: 1617:
   168695: 1618:static bool grow_stats_buf(conn *c, size_t needed) {
   168695: 1619:    size_t nsize = c->stats.size;
   168695: 1620:    size_t available = nsize - c->stats.offset;
   168695: 1621:    bool rv = true;
        -: 1622:
        -: 1623:    /* Special case: No buffer -- need to allocate fresh */
   168695: 1624:    if (c->stats.buffer == NULL) {
     2827: 1625:        nsize = 1024;
     2827: 1626:        available = c->stats.size = c->stats.offset = 0;
        -: 1627:    }
        -: 1628:
   171547: 1629:    while (needed > available) {
    2852*: 1630:        assert(nsize > 0);
     2852: 1631:        nsize = nsize << 1;
     2852: 1632:        available = nsize - c->stats.offset;
        -: 1633:    }
        -: 1634:
   168695: 1635:    if (nsize != c->stats.size) {
     2852: 1636:        char *ptr = realloc(c->stats.buffer, nsize);
     2852: 1637:        if (ptr) {
     2852: 1638:            c->stats.buffer = ptr;
     2852: 1639:            c->stats.size = nsize;
        -: 1640:        } else {
    #####: 1641:            STATS_LOCK();
    #####: 1642:            stats.malloc_fails++;
    #####: 1643:            STATS_UNLOCK();
    #####: 1644:            rv = false;
        -: 1645:        }
        -: 1646:    }
        -: 1647:
   168695: 1648:    return rv;
        -: 1649:}
        -: 1650:
   168695: 1651:static void append_stats(const char *key, const uint16_t klen,
        -: 1652:                  const char *val, const uint32_t vlen,
        -: 1653:                  const void *cookie)
        -: 1654:{
        -: 1655:    /* value without a key is invalid */
   168695: 1656:    if (klen == 0 && vlen > 0) {
        -: 1657:        return ;
        -: 1658:    }
        -: 1659:
   168695: 1660:    conn *c = (conn*)cookie;
        -: 1661:
   168695: 1662:    if (c->protocol == binary_prot) {
     1366: 1663:        size_t needed = vlen + klen + sizeof(protocol_binary_response_header);
     1366: 1664:        if (!grow_stats_buf(c, needed)) {
        -: 1665:            return ;
        -: 1666:        }
     1366: 1667:        append_bin_stats(key, klen, val, vlen, c);
        -: 1668:    } else {
   167329: 1669:        size_t needed = vlen + klen + 10; // 10 == "STAT = \r\n"
   167329: 1670:        if (!grow_stats_buf(c, needed)) {
        -: 1671:            return ;
        -: 1672:        }
   167329: 1673:        append_ascii_stats(key, klen, val, vlen, c);
        -: 1674:    }
        -: 1675:
  168695*: 1676:    assert(c->stats.offset <= c->stats.size);
        -: 1677:}
        -: 1678:
       25: 1679:static void process_bin_stat(conn *c) {
       25: 1680:    char *subcommand = binary_get_key(c);
       25: 1681:    size_t nkey = c->binary_header.request.keylen;
        -: 1682:
       25: 1683:    if (settings.verbose > 1) {
    #####: 1684:        int ii;
    #####: 1685:        fprintf(stderr, "<%d STATS ", c->sfd);
    #####: 1686:        for (ii = 0; ii < nkey; ++ii) {
    #####: 1687:            fprintf(stderr, "%c", subcommand[ii]);
        -: 1688:        }
    #####: 1689:        fprintf(stderr, "\n");
        -: 1690:    }
        -: 1691:
       25: 1692:    if (nkey == 0) {
        -: 1693:        /* request all statistics */
       22: 1694:        server_stats(&append_stats, c);
       22: 1695:        (void)get_stats(NULL, 0, &append_stats, c);
        3: 1696:    } else if (strncmp(subcommand, "reset", 5) == 0) {
    #####: 1697:        stats_reset();
        3: 1698:    } else if (strncmp(subcommand, "settings", 8) == 0) {
        1: 1699:        process_stat_settings(&append_stats, c);
        2: 1700:    } else if (strncmp(subcommand, "detail", 6) == 0) {
        2: 1701:        char *subcmd_pos = subcommand + 6;
        2: 1702:        if (strncmp(subcmd_pos, " dump", 5) == 0) {
        1: 1703:            int len;
        1: 1704:            char *dump_buf = stats_prefix_dump(&len);
        1: 1705:            if (dump_buf == NULL || len <= 0) {
    #####: 1706:                out_of_memory(c, "SERVER_ERROR Out of memory generating stats");
    #####: 1707:                return ;
[...]
    #####: 6089:                    return 1;
        -: 6090:                }
        -: 6091:                break;
    #####: 6092:            case WARM_LRU_PCT:
    #####: 6093:                if (subopts_value == NULL) {
    #####: 6094:                    fprintf(stderr, "Missing warm_lru_pct argument\n");
    #####: 6095:                    return 1;
    #####: 6096:                };
    #####: 6097:                settings.warm_lru_pct = atoi(subopts_value);
    #####: 6098:                if (settings.warm_lru_pct < 1 || settings.warm_lru_pct >= 80) {
    #####: 6099:                    fprintf(stderr, "warm_lru_pct must be > 1 and < 80\n");
    #####: 6100:                    return 1;
        -: 6101:                }
        -: 6102:                break;
        1: 6103:            case NOEXP_NOEVICT:
        1: 6104:                settings.expirezero_does_not_evict = true;
        1: 6105:                break;
        1: 6106:            case IDLE_TIMEOUT:
        1: 6107:                settings.idle_timeout = atoi(subopts_value);
        1: 6108:                break;
        1: 6109:            case WATCHER_LOGBUF_SIZE:
        1: 6110:                if (subopts_value == NULL) {
    #####: 6111:                    fprintf(stderr, "Missing watcher_logbuf_size argument\n");
    #####: 6112:                    return 1;
        -: 6113:                }
        1: 6114:                if (!safe_strtoul(subopts_value, &settings.logger_watcher_buf_size)) {
    #####: 6115:                    fprintf(stderr, "could not parse argument to watcher_logbuf_size\n");
    #####: 6116:                    return 1;
        -: 6117:                }
        1: 6118:                settings.logger_watcher_buf_size *= 1024; /* kilobytes */
        1: 6119:                break;
    #####: 6120:            case WORKER_LOGBUF_SIZE:
    #####: 6121:                if (subopts_value == NULL) {
    #####: 6122:                    fprintf(stderr, "Missing worker_logbuf_size argument\n");
    #####: 6123:                    return 1;
        -: 6124:                }
    #####: 6125:                if (!safe_strtoul(subopts_value, &settings.logger_buf_size)) {
    #####: 6126:                    fprintf(stderr, "could not parse argument to worker_logbuf_size\n");
    #####: 6127:                    return 1;
        -: 6128:                }
    #####: 6129:                settings.logger_buf_size *= 1024; /* kilobytes */
    #####: 6130:            case SLAB_SIZES:
    #####: 6131:                slab_sizes_unparsed = subopts_value;
    #####: 6132:                break;
        5: 6133:            case SLAB_CHUNK_MAX:
        5: 6134:                if (subopts_value == NULL) {
    #####: 6135:                    fprintf(stderr, "Missing slab_chunk_max argument\n");
        -: 6136:                }
        5: 6137:                if (!safe_strtol(subopts_value, &settings.slab_chunk_size_max)) {
      39*: 6138:                    fprintf(stderr, "could not parse argument to slab_chunk_max\n");
        -: 6139:                }
        -: 6140:                slab_chunk_size_changed = true;
        -: 6141:                break;
    #####: 6142:            case TRACK_SIZES:
    #####: 6143:                item_stats_sizes_init();
    #####: 6144:                break;
        1: 6145:            case MODERN:
        -: 6146:                /* Modernized defaults. Need to add equivalent no_* flags
        -: 6147:                 * before making truly default. */
        -: 6148:                // chunk default should come after stitching is fixed.
        -: 6149:                //settings.slab_chunk_size_max = 16384;
        -: 6150:
        -: 6151:                // With slab_ressign, pages are always 1MB, so anything larger
        -: 6152:                // than .5m ends up using 1m anyway. With this we at least
        -: 6153:                // avoid having several slab classes that use 1m.
        1: 6154:                if (!slab_chunk_size_changed) {
        1: 6155:                    settings.slab_chunk_size_max = 524288;
        -: 6156:                }
        1: 6157:                settings.slab_reassign = true;
        1: 6158:                settings.slab_automove = 1;
        1: 6159:                settings.maxconns_fast = true;
        1: 6160:                hash_type = MURMUR3_HASH;
        1: 6161:                start_lru_crawler = true;
        1: 6162:                start_lru_maintainer = true;
        1: 6163:                break;
    #####: 6164:            default:
    #####: 6165:                printf("Illegal suboption \"%s\"\n", subopts_value);
    #####: 6166:                return 1;
        -: 6167:            }
        -: 6168:
        -: 6169:            }
       14: 6170:            free(subopts_orig);
       14: 6171:            break;
    #####: 6172:        default:
    #####: 6173:            fprintf(stderr, "Illegal argument \"%c\"\n", c);
    #####: 6174:            return 1;
        -: 6175:        }
    #####: 6176:    }
        -: 6177:
       90: 6178:    if (settings.slab_chunk_size_max > settings.item_size_max) {
    #####: 6179:        fprintf(stderr, "slab_chunk_max (bytes: %d) cannot be larger than -I (item_size_max %d)\n",
        -: 6180:                settings.slab_chunk_size_max, settings.item_size_max);
    #####: 6181:        exit(EX_USAGE);
        -: 6182:    }
        -: 6183:
       90: 6184:    if (settings.item_size_max % settings.slab_chunk_size_max != 0) {
    #####: 6185:        fprintf(stderr, "-I (item_size_max: %d) must be evenly divisible by slab_chunk_max (bytes: %d)\n",
        -: 6186:                settings.item_size_max, settings.slab_chunk_size_max);
    #####: 6187:        exit(EX_USAGE);
        -: 6188:    }
        -: 6189:
       90: 6190:    if (settings.slab_page_size % settings.slab_chunk_size_max != 0) {
    #####: 6191:        fprintf(stderr, "slab_chunk_max (bytes: %d) must divide evenly into %d (slab_page_size)\n",
        -: 6192:                settings.slab_chunk_size_max, settings.slab_page_size);
    #####: 6193:        exit(EX_USAGE);
        -: 6194:    }
        -: 6195:
        -: 6196:    // Reserve this for the new default. If factor size hasn't changed, use
        -: 6197:    // new default.
        -: 6198:    /*if (settings.slab_chunk_size_max == 16384 && settings.factor == 1.25) {
        -: 6199:        settings.factor = 1.08;
        -: 6200:    }*/
        -: 6201:
       90: 6202:    if (slab_sizes_unparsed != NULL) {
    #####: 6203:        if (_parse_slab_sizes(slab_sizes_unparsed, slab_sizes)) {
        -: 6204:            use_slab_sizes = true;
        -: 6205:        } else {
    #####: 6206:            exit(EX_USAGE);
        -: 6207:        }
        -: 6208:    }
        -: 6209:
      90*: 6210:    if (settings.lru_maintainer_thread && settings.hot_lru_pct + settings.warm_lru_pct > 80) {
    #####: 6211:        fprintf(stderr, "hot_lru_pct + warm_lru_pct cannot be more than 80%% combined\n");
    #####: 6212:        exit(EX_USAGE);
        -: 6213:    }
        -: 6214:
       90: 6215:    if (hash_init(hash_type) != 0) {
    #####: 6216:        fprintf(stderr, "Failed to initialize hash_algorithm!\n");
    #####: 6217:        exit(EX_USAGE);
        -: 6218:    }
        -: 6219:
        -: 6220:    /*
        -: 6221:     * Use one workerthread to serve each UDP port if the user specified
        -: 6222:     * multiple ports
        -: 6223:     */
       90: 6224:    if (settings.inter != NULL && strchr(settings.inter, ',')) {
    #####: 6225:        settings.num_threads_per_udp = 1;
        -: 6226:    } else {
       90: 6227:        settings.num_threads_per_udp = settings.num_threads;
        -: 6228:    }
        -: 6229:
       90: 6230:    if (settings.sasl) {
    #####: 6231:        if (!protocol_specified) {
    #####: 6232:            settings.binding_protocol = binary_prot;
        -: 6233:        } else {
    #####: 6234:            if (settings.binding_protocol != binary_prot) {
    #####: 6235:                fprintf(stderr, "ERROR: You cannot allow the ASCII protocol while using SASL.\n");
    #####: 6236:                exit(EX_USAGE);
        -: 6237:            }
        -: 6238:        }
        -: 6239:    }
        -: 6240:
       90: 6241:    if (tcp_specified && !udp_specified) {
        3: 6242:        settings.udpport = settings.port;
       87: 6243:    } else if (udp_specified && !tcp_specified) {
        3: 6244:        settings.port = settings.udpport;
        -: 6245:    }
        -: 6246:
       90: 6247:    if (maxcore != 0) {
    #####: 6248:        struct rlimit rlim_new;
        -: 6249:        /*
        -: 6250:         * First try raising to infinity; if that fails, try bringing
        -: 6251:         * the soft limit to the hard.
        -: 6252:         */
    #####: 6253:        if (getrlimit(RLIMIT_CORE, &rlim) == 0) {
    #####: 6254:            rlim_new.rlim_cur = rlim_new.rlim_max = RLIM_INFINITY;
    #####: 6255:            if (setrlimit(RLIMIT_CORE, &rlim_new)!= 0) {
        -: 6256:                /* failed. try raising just to the old max */
    #####: 6257:                rlim_new.rlim_cur = rlim_new.rlim_max = rlim.rlim_max;
    #####: 6258:                (void)setrlimit(RLIMIT_CORE, &rlim_new);
        -: 6259:            }
        -: 6260:        }
        -: 6261:        /*
        -: 6262:         * getrlimit again to see what we ended up with. Only fail if
        -: 6263:         * the soft limit ends up 0, because then no core files will be
        -: 6264:         * created at all.
        -: 6265:         */
        -: 6266:
    #####: 6267:        if ((getrlimit(RLIMIT_CORE, &rlim) != 0) || rlim.rlim_cur == 0) {
    #####: 6268:            fprintf(stderr, "failed to ensure corefile creation\n");
    #####: 6269:            exit(EX_OSERR);
        -: 6270:        }
        -: 6271:    }
        -: 6272:
        -: 6273:    /*
        -: 6274:     * If needed, increase rlimits to allow as many connections
        -: 6275:     * as needed.
        -: 6276:     */
        -: 6277:
       90: 6278:    if (getrlimit(RLIMIT_NOFILE, &rlim) != 0) {
    #####: 6279:        fprintf(stderr, "failed to getrlimit number of files\n");
    #####: 6280:        exit(EX_OSERR);
        -: 6281:    } else {
       90: 6282:        rlim.rlim_cur = settings.maxconns;
       90: 6283:        rlim.rlim_max = settings.maxconns;
       90: 6284:        if (setrlimit(RLIMIT_NOFILE, &rlim) != 0) {
    #####: 6285:            fprintf(stderr, "failed to set rlimit for open files. Try starting as root or requesting smaller maxconns value.\n");
    #####: 6286:            exit(EX_OSERR);
        -: 6287:        }
        -: 6288:    }
        -: 6289:
        -: 6290:    /* lose root privileges if we have them */
       90: 6291:    if (getuid() == 0 || geteuid() == 0) {
    #####: 6292:        if (username == 0 || *username == '\0') {
    #####: 6293:            fprintf(stderr, "can't run as root without the -u switch\n");
    #####: 6294:            exit(EX_USAGE);
        -: 6295:        }
    #####: 6296:        if ((pw = getpwnam(username)) == 0) {
    #####: 6297:            fprintf(stderr, "can't find the user %s to switch to\n", username);
    #####: 6298:            exit(EX_NOUSER);
        -: 6299:        }
    #####: 6300:        if (setgid(pw->pw_gid) < 0 || setuid(pw->pw_uid) < 0) {
    #####: 6301:            fprintf(stderr, "failed to assume identity of user %s\n", username);
    #####: 6302:            exit(EX_OSERR);
        -: 6303:        }
        -: 6304:    }
        -: 6305:
        -: 6306:    /* Initialize Sasl if -S was specified */
       90: 6307:    if (settings.sasl) {
       90: 6308:        init_sasl();
        -: 6309:    }
        -: 6310:
        -: 6311:    /* daemonize if requested */
        -: 6312:    /* if we want to ensure our ability to dump core, don't chdir to / */
       90: 6313:    if (do_daemonize) {
        2: 6314:        if (sigignore(SIGHUP) == -1) {
    #####: 6315:            perror("Failed to ignore SIGHUP");
        -: 6316:        }
        2: 6317:        if (daemonize(maxcore, settings.verbose) == -1) {
    #####: 6318:            fprintf(stderr, "failed to daemon() in order to daemonize\n");
    #####: 6319:            exit(EXIT_FAILURE);
        -: 6320:        }
        -: 6321:    }
        -: 6322:
        -: 6323:    /* lock paged memory if needed */
       89: 6324:    if (lock_memory) {
        -: 6325:#ifdef HAVE_MLOCKALL
    #####: 6326:        int res = mlockall(MCL_CURRENT | MCL_FUTURE);
    #####: 6327:        if (res != 0) {
    #####: 6328:            fprintf(stderr, "warning: -k invalid, mlockall() failed: %s\n",
    #####: 6329:                    strerror(errno));
        -: 6330:        }
        -: 6331:#else
        -: 6332:        fprintf(stderr, "warning: -k invalid, mlockall() not supported on this platform.  proceeding without.\n");
        -: 6333:#endif
        -: 6334:    }
        -: 6335:
        -: 6336:    /* initialize main thread libevent instance */
       89: 6337:    main_base = event_init();
        -: 6338:
        -: 6339:    /* initialize other stuff */
       89: 6340:    logger_init();
       89: 6341:    stats_init();
       89: 6342:    assoc_init(settings.hashpower_init);
       89: 6343:    conn_init();
      178: 6344:    slabs_init(settings.maxbytes, settings.factor, preallocate,
        -: 6345:            use_slab_sizes ? slab_sizes : NULL);
        -: 6346:
        -: 6347:    /*
        -: 6348:     * ignore SIGPIPE signals; we can use errno == EPIPE if we
        -: 6349:     * need that information
        -: 6350:     */
       89: 6351:    if (sigignore(SIGPIPE) == -1) {
    #####: 6352:        perror("failed to ignore SIGPIPE; sigaction");
    #####: 6353:        exit(EX_OSERR);
        -: 6354:    }
        -: 6355:    /* start up worker threads if MT mode */
       89: 6356:    memcached_thread_init(settings.num_threads);
        -: 6357:
       89: 6358:    if (start_assoc_maintenance_thread() == -1) {
    #####: 6359:        exit(EXIT_FAILURE);
        -: 6360:    }
        -: 6361:
       89: 6362:    if (start_lru_crawler && start_item_crawler_thread() != 0) {
    #####: 6363:        fprintf(stderr, "Failed to enable LRU crawler thread\n");
    #####: 6364:        exit(EXIT_FAILURE);
        -: 6365:    }
        -: 6366:
       89: 6367:    if (start_lru_maintainer && start_lru_maintainer_thread() != 0) {
    #####: 6368:        fprintf(stderr, "Failed to enable LRU maintainer thread\n");
    #####: 6369:        return 1;
        -: 6370:    }
        -: 6371:
       93: 6372:    if (settings.slab_reassign &&
        4: 6373:        start_slab_maintenance_thread() == -1) {
    #####: 6374:        exit(EXIT_FAILURE);
        -: 6375:    }
        -: 6376:
       89: 6377:    if (settings.idle_timeout && start_conn_timeout_thread() == -1) {
    #####: 6378:        exit(EXIT_FAILURE);
        -: 6379:    }
        -: 6380:
        -: 6381:    /* initialise clock event */
       89: 6382:    clock_handler(0, 0, 0);
        -: 6383:
        -: 6384:    /* create unix mode sockets after dropping privileges */
       89: 6385:    if (settings.socketpath != NULL) {
        2: 6386:        errno = 0;
        2: 6387:        if (server_socket_unix(settings.socketpath,settings.access)) {
    #####: 6388:            vperror("failed to listen on UNIX socket: %s", settings.socketpath);
    #####: 6389:            exit(EX_OSERR);
        -: 6390:        }
        -: 6391:    }
        -: 6392:
        -: 6393:    /* create the listening socket, bind it, and init */
       89: 6394:    if (settings.socketpath == NULL) {
       87: 6395:        const char *portnumber_filename = getenv("MEMCACHED_PORT_FILENAME");
       87: 6396:        char *temp_portnumber_filename = NULL;
       87: 6397:        size_t len;
       87: 6398:        FILE *portnumber_file = NULL;
        -: 6399:
       87: 6400:        if (portnumber_filename != NULL) {
       14: 6401:            len = strlen(portnumber_filename)+4+1;
       14: 6402:            temp_portnumber_filename = malloc(len);
       14: 6403:            snprintf(temp_portnumber_filename,
        -: 6404:                     len,
        -: 6405:                     "%s.lck", portnumber_filename);
        -: 6406:
       14: 6407:            portnumber_file = fopen(temp_portnumber_filename, "a");
       14: 6408:            if (portnumber_file == NULL) {
    #####: 6409:                fprintf(stderr, "Failed to open \"%s\": %s\n",
    #####: 6410:                        temp_portnumber_filename, strerror(errno));
        -: 6411:            }
        -: 6412:        }
        -: 6413:
       87: 6414:        errno = 0;
       87: 6415:        if (settings.port && server_sockets(settings.port, tcp_transport,
        -: 6416:                                           portnumber_file)) {
        1: 6417:            vperror("failed to listen on TCP port %d", settings.port);
        1: 6418:            exit(EX_OSERR);
        -: 6419:        }
        -: 6420:
        -: 6421:        /*
        -: 6422:         * initialization order: first create the listening sockets
        -: 6423:         * (may need root on low ports), then drop root if needed,
        -: 6424:         * then daemonise if needed, then init libevent (in some cases
        -: 6425:         * descriptors created by libevent wouldn't survive forking).
        -: 6426:         */
        -: 6427:
        -: 6428:        /* create the UDP listening socket and bind it */
       86: 6429:        errno = 0;
       86: 6430:        if (settings.udpport && server_sockets(settings.udpport, udp_transport,
        -: 6431:                                              portnumber_file)) {
    #####: 6432:            vperror("failed to listen on UDP port %d", settings.udpport);
    #####: 6433:            exit(EX_OSERR);
        -: 6434:        }
        -: 6435:
       86: 6436:        if (portnumber_file) {
       14: 6437:            fclose(portnumber_file);
       14: 6438:            rename(temp_portnumber_filename, portnumber_filename);
       14: 6439:            free(temp_portnumber_filename);
        -: 6440:        }
        -: 6441:    }
        -: 6442:
        -: 6443:    /* Give the sockets a moment to open. I know this is dumb, but the error
        -: 6444:     * is only an advisory.
        -: 6445:     */
       88: 6446:    usleep(1000);
       88: 6447:    if (stats_state.curr_conns + stats_state.reserved_fds >= settings.maxconns - 1) {
    #####: 6448:        fprintf(stderr, "Maxconns setting is too low, use -c to increase.\n");
    #####: 6449:        exit(EXIT_FAILURE);
        -: 6450:    }
        -: 6451:
       88: 6452:    if (pid_file != NULL) {
        1: 6453:        save_pid(pid_file);
        -: 6454:    }
        -: 6455:
        -: 6456:    /* Drop privileges no longer needed */
       88: 6457:    drop_privileges();
        -: 6458:
        -: 6459:    /* Initialize the uriencode lookup table. */
       88: 6460:    uriencode_init();
        -: 6461:
        -: 6462:    /* enter the event loop */
      88*: 6463:    if (event_base_loop(main_base, 0) != 0) {
    #####: 6464:        retval = EXIT_FAILURE;
        -: 6465:    }
        -: 6466:
    #####: 6467:    stop_assoc_maintenance_thread();
        -: 6468:
        -: 6469:    /* remove the PID file if we're a daemon */
    #####: 6470:    if (do_daemonize)
    #####: 6471:        remove_pidfile(pid_file);
        -: 6472:    /* Clean up strdup() call for bind() address */
    #####: 6473:    if (settings.inter)
    #####: 6474:      free(settings.inter);
    #####: 6475:    if (l_socket)
    #####: 6476:      free(l_socket);
    #####: 6477:    if (u_socket)
    #####: 6478:      free(u_socket);
        -: 6479:
        -: 6480:    return retval;
        -: 6481:}
